(DL_env) ksridhar@koa03:~/dvrk_force_estimation/indirect_method$ python train_with_conformance.py free_space 1
Running for is_rnn value:  True
Model path exists
Model path exists
Model path exists
Model path exists
Model path exists
Model path exists
Training for 1000
Epoch 1, lr 0.001: 100%|████████████████████████████████████████████████████████████████████████████████| 256/256 [00:00<00:00, 278.76it/s, loss=epoch loss=0.01959]
Epoch 2, lr 0.001: 100%|████████████████████████████████████████████████████████████████████████████████| 256/256 [00:00<00:00, 331.44it/s, loss=epoch loss=0.01075]
Epoch 3, lr 0.001: 100%|████████████████████████████████████████████████████████████████████████████████| 256/256 [00:00<00:00, 328.81it/s, loss=epoch loss=0.00855]
Epoch 4, lr 0.001: 100%|████████████████████████████████████████████████████████████████████████████████| 256/256 [00:00<00:00, 324.82it/s, loss=epoch loss=0.00787]
Epoch 5, lr 0.001: 100%|██████████████████████████████████████████████████████████████████████████| 256/256 [00:01<00:00, 224.59it/s, loss=validation loss=0.009729]
Epoch 6, lr 0.001: 100%|████████████████████████████████████████████████████████████████████████████████| 256/256 [00:00<00:00, 395.23it/s, loss=epoch loss=0.00686]
Epoch 7, lr 0.001: 100%|████████████████████████████████████████████████████████████████████████████████| 256/256 [00:00<00:00, 336.83it/s, loss=epoch loss=0.00658]
Epoch 8, lr 0.001: 100%|████████████████████████████████████████████████████████████████████████████████| 256/256 [00:00<00:00, 334.31it/s, loss=epoch loss=0.00611]
Epoch 9, lr 0.001: 100%|████████████████████████████████████████████████████████████████████████████████| 256/256 [00:00<00:00, 326.44it/s, loss=epoch loss=0.00603]
Epoch 10, lr 0.001: 100%|█████████████████████████████████████████████████████████████████████████| 256/256 [00:01<00:00, 209.12it/s, loss=validation loss=0.008923]
Epoch 11, lr 0.001: 100%|███████████████████████████████████████████████████████████████████████████████| 256/256 [00:00<00:00, 357.93it/s, loss=epoch loss=0.00593]
Epoch 12, lr 0.001: 100%|███████████████████████████████████████████████████████████████████████████████| 256/256 [00:00<00:00, 325.60it/s, loss=epoch loss=0.00574]
Epoch 13, lr 0.001: 100%|███████████████████████████████████████████████████████████████████████████████| 256/256 [00:00<00:00, 330.51it/s, loss=epoch loss=0.00569]
Epoch 14, lr 0.001: 100%|███████████████████████████████████████████████████████████████████████████████| 256/256 [00:00<00:00, 327.07it/s, loss=epoch loss=0.00565]
Epoch 15, lr 0.001: 100%|█████████████████████████████████████████████████████████████████████████| 256/256 [00:01<00:00, 226.07it/s, loss=validation loss=0.008508]
Epoch 16, lr 0.001: 100%|███████████████████████████████████████████████████████████████████████████████| 256/256 [00:00<00:00, 397.29it/s, loss=epoch loss=0.00561]
Epoch 17, lr 0.001: 100%|███████████████████████████████████████████████████████████████████████████████| 256/256 [00:00<00:00, 343.87it/s, loss=epoch loss=0.00547]
Epoch 18, lr 0.001: 100%|███████████████████████████████████████████████████████████████████████████████| 256/256 [00:00<00:00, 338.59it/s, loss=epoch loss=0.00550]
Epoch 19, lr 0.001: 100%|███████████████████████████████████████████████████████████████████████████████| 256/256 [00:00<00:00, 341.02it/s, loss=epoch loss=0.00548]
Epoch 20, lr 0.001: 100%|█████████████████████████████████████████████████████████████████████████| 256/256 [00:01<00:00, 226.09it/s, loss=validation loss=0.008273]
Epoch 21, lr 0.001: 100%|███████████████████████████████████████████████████████████████████████████████| 256/256 [00:00<00:00, 410.53it/s, loss=epoch loss=0.00530]
Epoch 22, lr 0.001: 100%|███████████████████████████████████████████████████████████████████████████████| 256/256 [00:00<00:00, 342.66it/s, loss=epoch loss=0.00541]
Epoch 23, lr 0.001: 100%|███████████████████████████████████████████████████████████████████████████████| 256/256 [00:00<00:00, 335.42it/s, loss=epoch loss=0.00540]
Epoch 24, lr 0.001: 100%|███████████████████████████████████████████████████████████████████████████████| 256/256 [00:00<00:00, 325.83it/s, loss=epoch loss=0.00524]
Epoch 25, lr 0.001: 100%|█████████████████████████████████████████████████████████████████████████| 256/256 [00:01<00:00, 211.41it/s, loss=validation loss=0.007985]
Epoch 26, lr 0.001: 100%|███████████████████████████████████████████████████████████████████████████████| 256/256 [00:00<00:00, 343.86it/s, loss=epoch loss=0.00517]
Epoch 27, lr 0.001: 100%|███████████████████████████████████████████████████████████████████████████████| 256/256 [00:00<00:00, 322.14it/s, loss=epoch loss=0.00524]
Epoch 28, lr 0.001: 100%|███████████████████████████████████████████████████████████████████████████████| 256/256 [00:00<00:00, 331.86it/s, loss=epoch loss=0.00522]
Epoch 29, lr 0.001: 100%|███████████████████████████████████████████████████████████████████████████████| 256/256 [00:00<00:00, 323.05it/s, loss=epoch loss=0.00519]
Epoch 30, lr 0.001: 100%|█████████████████████████████████████████████████████████████████████████| 256/256 [00:01<00:00, 227.79it/s, loss=validation loss=0.007898]
Epoch 31, lr 0.001: 100%|███████████████████████████████████████████████████████████████████████████████| 256/256 [00:00<00:00, 338.09it/s, loss=epoch loss=0.00513]
Epoch 32, lr 0.001: 100%|███████████████████████████████████████████████████████████████████████████████| 256/256 [00:00<00:00, 321.94it/s, loss=epoch loss=0.00515]
Epoch 33, lr 0.001: 100%|███████████████████████████████████████████████████████████████████████████████| 256/256 [00:00<00:00, 327.02it/s, loss=epoch loss=0.00510]
Epoch 34, lr 0.001: 100%|███████████████████████████████████████████████████████████████████████████████| 256/256 [00:00<00:00, 330.12it/s, loss=epoch loss=0.00504]
Epoch 35, lr 0.001: 100%|█████████████████████████████████████████████████████████████████████████| 256/256 [00:01<00:00, 198.80it/s, loss=validation loss=0.007845]
Epoch 36, lr 0.001: 100%|███████████████████████████████████████████████████████████████████████████████| 256/256 [00:00<00:00, 346.11it/s, loss=epoch loss=0.00497]
Epoch 37, lr 0.001: 100%|███████████████████████████████████████████████████████████████████████████████| 256/256 [00:00<00:00, 329.92it/s, loss=epoch loss=0.00505]
Epoch 38, lr 0.001: 100%|███████████████████████████████████████████████████████████████████████████████| 256/256 [00:00<00:00, 326.04it/s, loss=epoch loss=0.00502]
Epoch 39, lr 0.001: 100%|███████████████████████████████████████████████████████████████████████████████| 256/256 [00:00<00:00, 329.79it/s, loss=epoch loss=0.00502]
Epoch 40, lr 0.001: 100%|█████████████████████████████████████████████████████████████████████████| 256/256 [00:01<00:00, 181.38it/s, loss=validation loss=0.007764]
Epoch 41, lr 0.001: 100%|███████████████████████████████████████████████████████████████████████████████| 256/256 [00:00<00:00, 337.43it/s, loss=epoch loss=0.00506]
Epoch 42, lr 0.001: 100%|███████████████████████████████████████████████████████████████████████████████| 256/256 [00:00<00:00, 334.96it/s, loss=epoch loss=0.00506]
Epoch 43, lr 0.001: 100%|███████████████████████████████████████████████████████████████████████████████| 256/256 [00:00<00:00, 335.69it/s, loss=epoch loss=0.00499]
Epoch 44, lr 0.001: 100%|███████████████████████████████████████████████████████████████████████████████| 256/256 [00:00<00:00, 342.47it/s, loss=epoch loss=0.00498]
Epoch 45, lr 0.001: 100%|█████████████████████████████████████████████████████████████████████████| 256/256 [00:01<00:00, 223.28it/s, loss=validation loss=0.007703]
Epoch 46, lr 0.001: 100%|███████████████████████████████████████████████████████████████████████████████| 256/256 [00:00<00:00, 424.17it/s, loss=epoch loss=0.00497]
Epoch 47, lr 0.001: 100%|███████████████████████████████████████████████████████████████████████████████| 256/256 [00:00<00:00, 321.49it/s, loss=epoch loss=0.00508]
Epoch 48, lr 0.001: 100%|███████████████████████████████████████████████████████████████████████████████| 256/256 [00:00<00:00, 327.93it/s, loss=epoch loss=0.00493]
Epoch 49, lr 0.001: 100%|███████████████████████████████████████████████████████████████████████████████| 256/256 [00:00<00:00, 326.62it/s, loss=epoch loss=0.00494]
Epoch 50, lr 0.001: 100%|█████████████████████████████████████████████████████████████████████████| 256/256 [00:01<00:00, 216.69it/s, loss=validation loss=0.007658]
Epoch 51, lr 0.001: 100%|███████████████████████████████████████████████████████████████████████████████| 256/256 [00:00<00:00, 325.62it/s, loss=epoch loss=0.00494]
Epoch 52, lr 0.001: 100%|███████████████████████████████████████████████████████████████████████████████| 256/256 [00:00<00:00, 324.44it/s, loss=epoch loss=0.00491]
Epoch 53, lr 0.001: 100%|███████████████████████████████████████████████████████████████████████████████| 256/256 [00:00<00:00, 328.26it/s, loss=epoch loss=0.00485]
Epoch 54, lr 0.001: 100%|███████████████████████████████████████████████████████████████████████████████| 256/256 [00:00<00:00, 325.57it/s, loss=epoch loss=0.00488]
Epoch 55, lr 0.001: 100%|█████████████████████████████████████████████████████████████████████████| 256/256 [00:01<00:00, 176.74it/s, loss=validation loss=0.007592]
Epoch 56, lr 0.001: 100%|███████████████████████████████████████████████████████████████████████████████| 256/256 [00:00<00:00, 345.51it/s, loss=epoch loss=0.00483]
Epoch 57, lr 0.001: 100%|███████████████████████████████████████████████████████████████████████████████| 256/256 [00:00<00:00, 325.70it/s, loss=epoch loss=0.00489]
Epoch 58, lr 0.001: 100%|███████████████████████████████████████████████████████████████████████████████| 256/256 [00:00<00:00, 337.20it/s, loss=epoch loss=0.00489]
Epoch 59, lr 0.001: 100%|███████████████████████████████████████████████████████████████████████████████| 256/256 [00:00<00:00, 339.45it/s, loss=epoch loss=0.00490]
Epoch 60, lr 0.001: 100%|█████████████████████████████████████████████████████████████████████████| 256/256 [00:01<00:00, 220.21it/s, loss=validation loss=0.007437]
Epoch 61, lr 0.001: 100%|███████████████████████████████████████████████████████████████████████████████| 256/256 [00:00<00:00, 363.96it/s, loss=epoch loss=0.00481]
Epoch 62, lr 0.001: 100%|███████████████████████████████████████████████████████████████████████████████| 256/256 [00:00<00:00, 326.67it/s, loss=epoch loss=0.00490]
Epoch 63, lr 0.001: 100%|███████████████████████████████████████████████████████████████████████████████| 256/256 [00:00<00:00, 324.89it/s, loss=epoch loss=0.00479]
Epoch 64, lr 0.001: 100%|███████████████████████████████████████████████████████████████████████████████| 256/256 [00:00<00:00, 328.60it/s, loss=epoch loss=0.00482]
Epoch 65, lr 0.001: 100%|█████████████████████████████████████████████████████████████████████████| 256/256 [00:01<00:00, 208.57it/s, loss=validation loss=0.007316]
Epoch 66, lr 0.001: 100%|███████████████████████████████████████████████████████████████████████████████| 256/256 [00:00<00:00, 363.24it/s, loss=epoch loss=0.00476]
Epoch 67, lr 0.001: 100%|███████████████████████████████████████████████████████████████████████████████| 256/256 [00:00<00:00, 325.22it/s, loss=epoch loss=0.00477]
Epoch 68, lr 0.001: 100%|███████████████████████████████████████████████████████████████████████████████| 256/256 [00:00<00:00, 325.70it/s, loss=epoch loss=0.00470]
Epoch 69, lr 0.001: 100%|███████████████████████████████████████████████████████████████████████████████| 256/256 [00:00<00:00, 326.27it/s, loss=epoch loss=0.00474]
Epoch 70, lr 0.001: 100%|█████████████████████████████████████████████████████████████████████████| 256/256 [00:01<00:00, 180.66it/s, loss=validation loss=0.007246]
Epoch 71, lr 0.001: 100%|███████████████████████████████████████████████████████████████████████████████| 256/256 [00:00<00:00, 337.40it/s, loss=epoch loss=0.00472]
Epoch 72, lr 0.001: 100%|███████████████████████████████████████████████████████████████████████████████| 256/256 [00:00<00:00, 326.65it/s, loss=epoch loss=0.00473]
Epoch 73, lr 0.001: 100%|███████████████████████████████████████████████████████████████████████████████| 256/256 [00:00<00:00, 325.70it/s, loss=epoch loss=0.00473]
Epoch 74, lr 0.001: 100%|███████████████████████████████████████████████████████████████████████████████| 256/256 [00:00<00:00, 327.93it/s, loss=epoch loss=0.00466]
Epoch 75, lr 0.001: 100%|█████████████████████████████████████████████████████████████████████████| 256/256 [00:01<00:00, 195.47it/s, loss=validation loss=0.007215]
Epoch 76, lr 0.001: 100%|███████████████████████████████████████████████████████████████████████████████| 256/256 [00:00<00:00, 332.17it/s, loss=epoch loss=0.00467]
Epoch 77, lr 0.001: 100%|███████████████████████████████████████████████████████████████████████████████| 256/256 [00:00<00:00, 324.57it/s, loss=epoch loss=0.00463]
Epoch 78, lr 0.001: 100%|███████████████████████████████████████████████████████████████████████████████| 256/256 [00:00<00:00, 324.82it/s, loss=epoch loss=0.00458]
Epoch 79, lr 0.001: 100%|███████████████████████████████████████████████████████████████████████████████| 256/256 [00:00<00:00, 326.45it/s, loss=epoch loss=0.00465]
Epoch 80, lr 0.001: 100%|█████████████████████████████████████████████████████████████████████████| 256/256 [00:01<00:00, 201.48it/s, loss=validation loss=0.007218]
Epoch 81, lr 0.001: 100%|███████████████████████████████████████████████████████████████████████████████| 256/256 [00:00<00:00, 312.22it/s, loss=epoch loss=0.00467]
Epoch 82, lr 0.001: 100%|███████████████████████████████████████████████████████████████████████████████| 256/256 [00:00<00:00, 321.95it/s, loss=epoch loss=0.00458]
Epoch 83, lr 0.001: 100%|███████████████████████████████████████████████████████████████████████████████| 256/256 [00:00<00:00, 325.06it/s, loss=epoch loss=0.00460]
Epoch 84, lr 0.001: 100%|███████████████████████████████████████████████████████████████████████████████| 256/256 [00:00<00:00, 327.70it/s, loss=epoch loss=0.00459]
Epoch 85, lr 0.001: 100%|█████████████████████████████████████████████████████████████████████████| 256/256 [00:01<00:00, 186.23it/s, loss=validation loss=0.007234]
Epoch 86, lr 0.001: 100%|███████████████████████████████████████████████████████████████████████████████| 256/256 [00:00<00:00, 309.69it/s, loss=epoch loss=0.00452]
Epoch 87, lr 0.001: 100%|███████████████████████████████████████████████████████████████████████████████| 256/256 [00:00<00:00, 326.22it/s, loss=epoch loss=0.00454]
Epoch 88, lr 0.001: 100%|███████████████████████████████████████████████████████████████████████████████| 256/256 [00:00<00:00, 326.80it/s, loss=epoch loss=0.00457]
Epoch 89, lr 0.001: 100%|███████████████████████████████████████████████████████████████████████████████| 256/256 [00:00<00:00, 327.07it/s, loss=epoch loss=0.00443]
Epoch 90, lr 0.001: 100%|█████████████████████████████████████████████████████████████████████████| 256/256 [00:01<00:00, 238.30it/s, loss=validation loss=0.007197]
Epoch 91, lr 0.001: 100%|███████████████████████████████████████████████████████████████████████████████| 256/256 [00:00<00:00, 323.53it/s, loss=epoch loss=0.00451]
Epoch 92, lr 0.001: 100%|███████████████████████████████████████████████████████████████████████████████| 256/256 [00:00<00:00, 327.45it/s, loss=epoch loss=0.00446]
Epoch 93, lr 0.001: 100%|███████████████████████████████████████████████████████████████████████████████| 256/256 [00:00<00:00, 329.80it/s, loss=epoch loss=0.00447]
Epoch 94, lr 0.001: 100%|███████████████████████████████████████████████████████████████████████████████| 256/256 [00:00<00:00, 327.24it/s, loss=epoch loss=0.00450]
Epoch 95, lr 0.001: 100%|█████████████████████████████████████████████████████████████████████████| 256/256 [00:01<00:00, 234.67it/s, loss=validation loss=0.007146]
Epoch 96, lr 0.001: 100%|███████████████████████████████████████████████████████████████████████████████| 256/256 [00:00<00:00, 325.47it/s, loss=epoch loss=0.00457]
Epoch 97, lr 0.001: 100%|███████████████████████████████████████████████████████████████████████████████| 256/256 [00:00<00:00, 327.83it/s, loss=epoch loss=0.00447]
Epoch 98, lr 0.001: 100%|███████████████████████████████████████████████████████████████████████████████| 256/256 [00:00<00:00, 318.59it/s, loss=epoch loss=0.00439]
Epoch 99, lr 0.001: 100%|███████████████████████████████████████████████████████████████████████████████| 256/256 [00:00<00:00, 311.09it/s, loss=epoch loss=0.00448]
Epoch 100, lr 0.001: 100%|████████████████████████████████████████████████████████████████████████| 256/256 [00:00<00:00, 257.56it/s, loss=validation loss=0.007112]
Epoch 101, lr 0.001: 100%|██████████████████████████████████████████████████████████████████████████████| 256/256 [00:00<00:00, 313.10it/s, loss=epoch loss=0.00440]
Epoch 102, lr 0.001: 100%|██████████████████████████████████████████████████████████████████████████████| 256/256 [00:00<00:00, 319.24it/s, loss=epoch loss=0.00441]
Epoch 103, lr 0.001: 100%|██████████████████████████████████████████████████████████████████████████████| 256/256 [00:00<00:00, 312.59it/s, loss=epoch loss=0.00443]
Epoch 104, lr 0.001: 100%|██████████████████████████████████████████████████████████████████████████████| 256/256 [00:00<00:00, 321.72it/s, loss=epoch loss=0.00446]
Epoch 105, lr 0.001: 100%|████████████████████████████████████████████████████████████████████████| 256/256 [00:01<00:00, 244.59it/s, loss=validation loss=0.007080]
Epoch 106, lr 0.001: 100%|██████████████████████████████████████████████████████████████████████████████| 256/256 [00:00<00:00, 313.49it/s, loss=epoch loss=0.00440]
Epoch 107, lr 0.001: 100%|██████████████████████████████████████████████████████████████████████████████| 256/256 [00:00<00:00, 323.45it/s, loss=epoch loss=0.00434]
Epoch 108, lr 0.001: 100%|██████████████████████████████████████████████████████████████████████████████| 256/256 [00:00<00:00, 328.10it/s, loss=epoch loss=0.00445]
Epoch 109, lr 0.001: 100%|██████████████████████████████████████████████████████████████████████████████| 256/256 [00:00<00:00, 325.13it/s, loss=epoch loss=0.00440]
Epoch 110, lr 0.001: 100%|████████████████████████████████████████████████████████████████████████| 256/256 [00:01<00:00, 229.46it/s, loss=validation loss=0.007058]
Epoch 111, lr 0.001: 100%|██████████████████████████████████████████████████████████████████████████████| 256/256 [00:00<00:00, 323.38it/s, loss=epoch loss=0.00436]
Epoch 112, lr 0.001: 100%|██████████████████████████████████████████████████████████████████████████████| 256/256 [00:00<00:00, 326.02it/s, loss=epoch loss=0.00434]
Epoch 113, lr 0.001: 100%|██████████████████████████████████████████████████████████████████████████████| 256/256 [00:00<00:00, 324.57it/s, loss=epoch loss=0.00431]
Epoch 114, lr 0.001: 100%|██████████████████████████████████████████████████████████████████████████████| 256/256 [00:00<00:00, 344.13it/s, loss=epoch loss=0.00431]
Epoch 115, lr 0.001: 100%|████████████████████████████████████████████████████████████████████████| 256/256 [00:01<00:00, 222.32it/s, loss=validation loss=0.006997]
Epoch 116, lr 0.001: 100%|██████████████████████████████████████████████████████████████████████████████| 256/256 [00:00<00:00, 309.31it/s, loss=epoch loss=0.00433]
Epoch 117, lr 0.001: 100%|██████████████████████████████████████████████████████████████████████████████| 256/256 [00:00<00:00, 327.89it/s, loss=epoch loss=0.00427]
Epoch 118, lr 0.001: 100%|██████████████████████████████████████████████████████████████████████████████| 256/256 [00:00<00:00, 322.61it/s, loss=epoch loss=0.00428]
Epoch 119, lr 0.001: 100%|██████████████████████████████████████████████████████████████████████████████| 256/256 [00:00<00:00, 360.09it/s, loss=epoch loss=0.00426]
Epoch 120, lr 0.001: 100%|████████████████████████████████████████████████████████████████████████| 256/256 [00:01<00:00, 219.55it/s, loss=validation loss=0.006898]
Epoch 121, lr 0.001: 100%|██████████████████████████████████████████████████████████████████████████████| 256/256 [00:00<00:00, 315.60it/s, loss=epoch loss=0.00428]
Epoch 122, lr 0.001: 100%|██████████████████████████████████████████████████████████████████████████████| 256/256 [00:00<00:00, 324.97it/s, loss=epoch loss=0.00424]
Epoch 123, lr 0.001: 100%|██████████████████████████████████████████████████████████████████████████████| 256/256 [00:00<00:00, 325.75it/s, loss=epoch loss=0.00424]
Epoch 124, lr 0.001: 100%|██████████████████████████████████████████████████████████████████████████████| 256/256 [00:00<00:00, 375.09it/s, loss=epoch loss=0.00424]
Epoch 125, lr 0.001: 100%|██████████████████████████████████████████████████████████████████████████████| 256/256 [00:00<00:00, 327.30it/s, loss=epoch loss=0.00420]Epoch 00025: reducing learning rate of group 0 to 1.0000e-04.
Epoch 125, lr 0.001: 100%|████████████████████████████████████████████████████████████████████████| 256/256 [00:01<00:00, 200.57it/s, loss=validation loss=0.006842]
Epoch 126, lr 0.001: 100%|██████████████████████████████████████████████████████████████████████████████| 256/256 [00:00<00:00, 310.99it/s, loss=epoch loss=0.00425]
Epoch 127, lr 0.001: 100%|██████████████████████████████████████████████████████████████████████████████| 256/256 [00:00<00:00, 325.06it/s, loss=epoch loss=0.00411]
Epoch 128, lr 0.001: 100%|██████████████████████████████████████████████████████████████████████████████| 256/256 [00:00<00:00, 327.99it/s, loss=epoch loss=0.00419]
Epoch 129, lr 0.001: 100%|██████████████████████████████████████████████████████████████████████████████| 256/256 [00:00<00:00, 392.75it/s, loss=epoch loss=0.00415]
Epoch 130, lr 0.001: 100%|████████████████████████████████████████████████████████████████████████| 256/256 [00:01<00:00, 242.27it/s, loss=validation loss=0.006789]
Epoch 131, lr 0.001: 100%|██████████████████████████████████████████████████████████████████████████████| 256/256 [00:00<00:00, 320.91it/s, loss=epoch loss=0.00414]
Epoch 132, lr 0.001: 100%|██████████████████████████████████████████████████████████████████████████████| 256/256 [00:00<00:00, 319.99it/s, loss=epoch loss=0.00419]
Epoch 133, lr 0.001: 100%|██████████████████████████████████████████████████████████████████████████████| 256/256 [00:00<00:00, 325.66it/s, loss=epoch loss=0.00420]
Epoch 134, lr 0.001: 100%|██████████████████████████████████████████████████████████████████████████████| 256/256 [00:00<00:00, 372.31it/s, loss=epoch loss=0.00415]
Epoch 135, lr 0.001: 100%|████████████████████████████████████████████████████████████████████████| 256/256 [00:01<00:00, 233.66it/s, loss=validation loss=0.006727]
Epoch 136, lr 0.001: 100%|██████████████████████████████████████████████████████████████████████████████| 256/256 [00:00<00:00, 317.56it/s, loss=epoch loss=0.00415]
Epoch 137, lr 0.001: 100%|██████████████████████████████████████████████████████████████████████████████| 256/256 [00:00<00:00, 324.22it/s, loss=epoch loss=0.00419]
Epoch 138, lr 0.001: 100%|██████████████████████████████████████████████████████████████████████████████| 256/256 [00:00<00:00, 327.95it/s, loss=epoch loss=0.00415]
Epoch 139, lr 0.001: 100%|██████████████████████████████████████████████████████████████████████████████| 256/256 [00:00<00:00, 371.52it/s, loss=epoch loss=0.00411]
Epoch 140, lr 0.001: 100%|████████████████████████████████████████████████████████████████████████| 256/256 [00:01<00:00, 213.01it/s, loss=validation loss=0.006683]
Epoch 141, lr 0.001: 100%|██████████████████████████████████████████████████████████████████████████████| 256/256 [00:00<00:00, 319.31it/s, loss=epoch loss=0.00415]
Epoch 142, lr 0.001: 100%|██████████████████████████████████████████████████████████████████████████████| 256/256 [00:00<00:00, 320.16it/s, loss=epoch loss=0.00405]
Epoch 143, lr 0.001: 100%|██████████████████████████████████████████████████████████████████████████████| 256/256 [00:00<00:00, 325.90it/s, loss=epoch loss=0.00415]
Epoch 144, lr 0.001: 100%|██████████████████████████████████████████████████████████████████████████████| 256/256 [00:00<00:00, 355.25it/s, loss=epoch loss=0.00409]
Epoch 145, lr 0.001: 100%|████████████████████████████████████████████████████████████████████████| 256/256 [00:01<00:00, 231.74it/s, loss=validation loss=0.006664]
Epoch 146, lr 0.001: 100%|██████████████████████████████████████████████████████████████████████████████| 256/256 [00:00<00:00, 332.99it/s, loss=epoch loss=0.00416]
Epoch 147, lr 0.001: 100%|██████████████████████████████████████████████████████████████████████████████| 256/256 [00:00<00:00, 334.06it/s, loss=epoch loss=0.00403]
Epoch 148, lr 0.001: 100%|██████████████████████████████████████████████████████████████████████████████| 256/256 [00:00<00:00, 336.77it/s, loss=epoch loss=0.00404]
Epoch 149, lr 0.001: 100%|██████████████████████████████████████████████████████████████████████████████| 256/256 [00:00<00:00, 375.08it/s, loss=epoch loss=0.00415]
Epoch 150, lr 0.001: 100%|████████████████████████████████████████████████████████████████████████| 256/256 [00:01<00:00, 222.93it/s, loss=validation loss=0.006615]
Epoch 151, lr 0.001: 100%|██████████████████████████████████████████████████████████████████████████████| 256/256 [00:00<00:00, 335.40it/s, loss=epoch loss=0.00405]
Epoch 152, lr 0.001: 100%|██████████████████████████████████████████████████████████████████████████████| 256/256 [00:00<00:00, 334.92it/s, loss=epoch loss=0.00405]
Epoch 153, lr 0.001: 100%|██████████████████████████████████████████████████████████████████████████████| 256/256 [00:00<00:00, 335.64it/s, loss=epoch loss=0.00416]
Epoch 154, lr 0.001: 100%|██████████████████████████████████████████████████████████████████████████████| 256/256 [00:00<00:00, 385.10it/s, loss=epoch loss=0.00403]
Epoch 155, lr 0.001: 100%|████████████████████████████████████████████████████████████████████████| 256/256 [00:01<00:00, 239.29it/s, loss=validation loss=0.006586]
Epoch 156, lr 0.001: 100%|██████████████████████████████████████████████████████████████████████████████| 256/256 [00:00<00:00, 327.77it/s, loss=epoch loss=0.00407]
Epoch 157, lr 0.001: 100%|██████████████████████████████████████████████████████████████████████████████| 256/256 [00:00<00:00, 330.62it/s, loss=epoch loss=0.00409]
Epoch 158, lr 0.001: 100%|██████████████████████████████████████████████████████████████████████████████| 256/256 [00:00<00:00, 326.82it/s, loss=epoch loss=0.00404]
Epoch 159, lr 0.001: 100%|██████████████████████████████████████████████████████████████████████████████| 256/256 [00:00<00:00, 367.34it/s, loss=epoch loss=0.00409]
Epoch 160, lr 0.001: 100%|████████████████████████████████████████████████████████████████████████| 256/256 [00:01<00:00, 237.84it/s, loss=validation loss=0.006652]
Epoch 161, lr 0.001: 100%|██████████████████████████████████████████████████████████████████████████████| 256/256 [00:00<00:00, 325.81it/s, loss=epoch loss=0.00404]
Epoch 162, lr 0.001: 100%|██████████████████████████████████████████████████████████████████████████████| 256/256 [00:00<00:00, 331.78it/s, loss=epoch loss=0.00406]
Epoch 163, lr 0.001: 100%|██████████████████████████████████████████████████████████████████████████████| 256/256 [00:00<00:00, 327.90it/s, loss=epoch loss=0.00401]
Epoch 164, lr 0.001: 100%|██████████████████████████████████████████████████████████████████████████████| 256/256 [00:00<00:00, 355.36it/s, loss=epoch loss=0.00412]
Epoch 165, lr 0.001: 100%|████████████████████████████████████████████████████████████████████████| 256/256 [00:01<00:00, 222.91it/s, loss=validation loss=0.006592]
Epoch 166, lr 0.001: 100%|██████████████████████████████████████████████████████████████████████████████| 256/256 [00:00<00:00, 321.47it/s, loss=epoch loss=0.00403]
Epoch 167, lr 0.001: 100%|██████████████████████████████████████████████████████████████████████████████| 256/256 [00:00<00:00, 329.60it/s, loss=epoch loss=0.00408]
Epoch 168, lr 0.001: 100%|██████████████████████████████████████████████████████████████████████████████| 256/256 [00:00<00:00, 327.73it/s, loss=epoch loss=0.00406]
Epoch 169, lr 0.001: 100%|██████████████████████████████████████████████████████████████████████████████| 256/256 [00:00<00:00, 349.27it/s, loss=epoch loss=0.00400]
Epoch 170, lr 0.001: 100%|████████████████████████████████████████████████████████████████████████| 256/256 [00:01<00:00, 223.29it/s, loss=validation loss=0.006559]
Epoch 171, lr 0.001: 100%|██████████████████████████████████████████████████████████████████████████████| 256/256 [00:00<00:00, 313.89it/s, loss=epoch loss=0.00399]
Epoch 172, lr 0.001: 100%|██████████████████████████████████████████████████████████████████████████████| 256/256 [00:00<00:00, 322.81it/s, loss=epoch loss=0.00401]
Epoch 173, lr 0.001: 100%|██████████████████████████████████████████████████████████████████████████████| 256/256 [00:00<00:00, 325.25it/s, loss=epoch loss=0.00404]
Epoch 174, lr 0.001: 100%|██████████████████████████████████████████████████████████████████████████████| 256/256 [00:00<00:00, 386.45it/s, loss=epoch loss=0.00405]
Epoch 175, lr 0.001: 100%|████████████████████████████████████████████████████████████████████████| 256/256 [00:01<00:00, 230.51it/s, loss=validation loss=0.006568]
Epoch 176, lr 0.001: 100%|██████████████████████████████████████████████████████████████████████████████| 256/256 [00:00<00:00, 320.54it/s, loss=epoch loss=0.00400]
Epoch 177, lr 0.001: 100%|██████████████████████████████████████████████████████████████████████████████| 256/256 [00:00<00:00, 321.64it/s, loss=epoch loss=0.00403]
Epoch 178, lr 0.001: 100%|██████████████████████████████████████████████████████████████████████████████| 256/256 [00:00<00:00, 325.57it/s, loss=epoch loss=0.00403]
Epoch 179, lr 0.001: 100%|██████████████████████████████████████████████████████████████████████████████| 256/256 [00:00<00:00, 358.52it/s, loss=epoch loss=0.00401]
Epoch 180, lr 0.001: 100%|██████████████████████████████████████████████████████████████████████████████| 256/256 [00:00<00:00, 335.38it/s, loss=epoch loss=0.00398]Epoch 00036: reducing learning rate of group 0 to 1.0000e-05.
Epoch 180, lr 0.001: 100%|████████████████████████████████████████████████████████████████████████| 256/256 [00:01<00:00, 220.44it/s, loss=validation loss=0.006580]
Epoch 181, lr 0.001: 100%|██████████████████████████████████████████████████████████████████████████████| 256/256 [00:00<00:00, 308.51it/s, loss=epoch loss=0.00402]
Epoch 182, lr 0.001: 100%|██████████████████████████████████████████████████████████████████████████████| 256/256 [00:00<00:00, 322.64it/s, loss=epoch loss=0.00400]
Epoch 183, lr 0.001: 100%|██████████████████████████████████████████████████████████████████████████████| 256/256 [00:00<00:00, 331.27it/s, loss=epoch loss=0.00398]
Epoch 184, lr 0.001: 100%|██████████████████████████████████████████████████████████████████████████████| 256/256 [00:00<00:00, 348.57it/s, loss=epoch loss=0.00402]
Epoch 185, lr 0.001: 100%|████████████████████████████████████████████████████████████████████████| 256/256 [00:01<00:00, 215.74it/s, loss=validation loss=0.006516]
Epoch 186, lr 0.001: 100%|██████████████████████████████████████████████████████████████████████████████| 256/256 [00:00<00:00, 309.64it/s, loss=epoch loss=0.00398]
Epoch 187, lr 0.001: 100%|██████████████████████████████████████████████████████████████████████████████| 256/256 [00:00<00:00, 327.82it/s, loss=epoch loss=0.00392]
Epoch 188, lr 0.001: 100%|██████████████████████████████████████████████████████████████████████████████| 256/256 [00:00<00:00, 355.89it/s, loss=epoch loss=0.00399]
Epoch 189, lr 0.001: 100%|██████████████████████████████████████████████████████████████████████████████| 256/256 [00:00<00:00, 331.62it/s, loss=epoch loss=0.00409]
Epoch 190, lr 0.001: 100%|████████████████████████████████████████████████████████████████████████| 256/256 [00:01<00:00, 234.83it/s, loss=validation loss=0.006582]
Epoch 191, lr 0.001: 100%|██████████████████████████████████████████████████████████████████████████████| 256/256 [00:00<00:00, 324.97it/s, loss=epoch loss=0.00409]
Epoch 192, lr 0.001: 100%|██████████████████████████████████████████████████████████████████████████████| 256/256 [00:00<00:00, 328.87it/s, loss=epoch loss=0.00397]
Epoch 193, lr 0.001: 100%|██████████████████████████████████████████████████████████████████████████████| 256/256 [00:00<00:00, 366.58it/s, loss=epoch loss=0.00397]
Epoch 194, lr 0.001: 100%|██████████████████████████████████████████████████████████████████████████████| 256/256 [00:00<00:00, 325.73it/s, loss=epoch loss=0.00404]
Epoch 195, lr 0.001: 100%|████████████████████████████████████████████████████████████████████████| 256/256 [00:01<00:00, 242.37it/s, loss=validation loss=0.006565]
Epoch 196, lr 0.001: 100%|██████████████████████████████████████████████████████████████████████████████| 256/256 [00:00<00:00, 325.29it/s, loss=epoch loss=0.00396]
Epoch 197, lr 0.001: 100%|██████████████████████████████████████████████████████████████████████████████| 256/256 [00:00<00:00, 329.38it/s, loss=epoch loss=0.00396]
Epoch 198, lr 0.001: 100%|██████████████████████████████████████████████████████████████████████████████| 256/256 [00:00<00:00, 351.16it/s, loss=epoch loss=0.00399]
Epoch 199, lr 0.001: 100%|██████████████████████████████████████████████████████████████████████████████| 256/256 [00:00<00:00, 330.54it/s, loss=epoch loss=0.00395]
Epoch 200, lr 0.001: 100%|████████████████████████████████████████████████████████████████████████| 256/256 [00:01<00:00, 217.78it/s, loss=validation loss=0.006492]
Epoch 201, lr 0.001: 100%|██████████████████████████████████████████████████████████████████████████████| 256/256 [00:00<00:00, 318.18it/s, loss=epoch loss=0.00397]
Epoch 202, lr 0.001: 100%|██████████████████████████████████████████████████████████████████████████████| 256/256 [00:00<00:00, 324.95it/s, loss=epoch loss=0.00397]
Epoch 203, lr 0.001: 100%|██████████████████████████████████████████████████████████████████████████████| 256/256 [00:00<00:00, 356.16it/s, loss=epoch loss=0.00394]
Epoch 204, lr 0.001: 100%|██████████████████████████████████████████████████████████████████████████████| 256/256 [00:00<00:00, 323.78it/s, loss=epoch loss=0.00392]
Epoch 205, lr 0.001: 100%|████████████████████████████████████████████████████████████████████████| 256/256 [00:01<00:00, 225.99it/s, loss=validation loss=0.006493]
Epoch 206, lr 0.001: 100%|██████████████████████████████████████████████████████████████████████████████| 256/256 [00:00<00:00, 317.09it/s, loss=epoch loss=0.00394]
Epoch 207, lr 0.001: 100%|██████████████████████████████████████████████████████████████████████████████| 256/256 [00:00<00:00, 324.54it/s, loss=epoch loss=0.00397]
Epoch 208, lr 0.001: 100%|██████████████████████████████████████████████████████████████████████████████| 256/256 [00:00<00:00, 399.48it/s, loss=epoch loss=0.00405]
Epoch 209, lr 0.001: 100%|██████████████████████████████████████████████████████████████████████████████| 256/256 [00:00<00:00, 321.46it/s, loss=epoch loss=0.00390]
Epoch 210, lr 0.001: 100%|████████████████████████████████████████████████████████████████████████| 256/256 [00:01<00:00, 228.94it/s, loss=validation loss=0.006527]
Epoch 211, lr 0.001: 100%|██████████████████████████████████████████████████████████████████████████████| 256/256 [00:00<00:00, 324.11it/s, loss=epoch loss=0.00394]
Epoch 212, lr 0.001: 100%|██████████████████████████████████████████████████████████████████████████████| 256/256 [00:00<00:00, 325.12it/s, loss=epoch loss=0.00394]
Epoch 213, lr 0.001: 100%|██████████████████████████████████████████████████████████████████████████████| 256/256 [00:00<00:00, 356.35it/s, loss=epoch loss=0.00396]
Epoch 214, lr 0.001: 100%|██████████████████████████████████████████████████████████████████████████████| 256/256 [00:00<00:00, 325.93it/s, loss=epoch loss=0.00396]
Epoch 215, lr 0.001: 100%|████████████████████████████████████████████████████████████████████████| 256/256 [00:01<00:00, 225.27it/s, loss=validation loss=0.006468]
Epoch 216, lr 0.001: 100%|██████████████████████████████████████████████████████████████████████████████| 256/256 [00:00<00:00, 320.63it/s, loss=epoch loss=0.00395]
Epoch 217, lr 0.001: 100%|██████████████████████████████████████████████████████████████████████████████| 256/256 [00:00<00:00, 327.37it/s, loss=epoch loss=0.00397]
Epoch 218, lr 0.001: 100%|██████████████████████████████████████████████████████████████████████████████| 256/256 [00:00<00:00, 357.57it/s, loss=epoch loss=0.00393]
Epoch 219, lr 0.001: 100%|██████████████████████████████████████████████████████████████████████████████| 256/256 [00:00<00:00, 323.34it/s, loss=epoch loss=0.00390]
Epoch 220, lr 0.001: 100%|████████████████████████████████████████████████████████████████████████| 256/256 [00:01<00:00, 210.66it/s, loss=validation loss=0.006449]
Epoch 221, lr 0.001: 100%|██████████████████████████████████████████████████████████████████████████████| 256/256 [00:00<00:00, 309.29it/s, loss=epoch loss=0.00396]
Epoch 222, lr 0.001: 100%|██████████████████████████████████████████████████████████████████████████████| 256/256 [00:00<00:00, 325.12it/s, loss=epoch loss=0.00389]
Epoch 223, lr 0.001: 100%|██████████████████████████████████████████████████████████████████████████████| 256/256 [00:00<00:00, 361.36it/s, loss=epoch loss=0.00397]
Epoch 224, lr 0.001: 100%|██████████████████████████████████████████████████████████████████████████████| 256/256 [00:00<00:00, 327.53it/s, loss=epoch loss=0.00397]
Epoch 225, lr 0.001: 100%|████████████████████████████████████████████████████████████████████████| 256/256 [00:01<00:00, 236.32it/s, loss=validation loss=0.006443]
Epoch 226, lr 0.001: 100%|██████████████████████████████████████████████████████████████████████████████| 256/256 [00:00<00:00, 320.26it/s, loss=epoch loss=0.00395]
Epoch 227, lr 0.001: 100%|██████████████████████████████████████████████████████████████████████████████| 256/256 [00:00<00:00, 327.05it/s, loss=epoch loss=0.00400]
Epoch 228, lr 0.001: 100%|██████████████████████████████████████████████████████████████████████████████| 256/256 [00:00<00:00, 355.27it/s, loss=epoch loss=0.00390]
Epoch 229, lr 0.001: 100%|██████████████████████████████████████████████████████████████████████████████| 256/256 [00:00<00:00, 325.48it/s, loss=epoch loss=0.00391]
Epoch 230, lr 0.001: 100%|████████████████████████████████████████████████████████████████████████| 256/256 [00:01<00:00, 241.88it/s, loss=validation loss=0.006498]
Epoch 231, lr 0.001: 100%|██████████████████████████████████████████████████████████████████████████████| 256/256 [00:00<00:00, 323.59it/s, loss=epoch loss=0.00394]
Epoch 232, lr 0.001: 100%|██████████████████████████████████████████████████████████████████████████████| 256/256 [00:00<00:00, 326.01it/s, loss=epoch loss=0.00390]
Epoch 233, lr 0.001: 100%|██████████████████████████████████████████████████████████████████████████████| 256/256 [00:00<00:00, 361.48it/s, loss=epoch loss=0.00391]
Epoch 234, lr 0.001: 100%|██████████████████████████████████████████████████████████████████████████████| 256/256 [00:00<00:00, 327.15it/s, loss=epoch loss=0.00387]
Epoch 235, lr 0.001: 100%|██████████████████████████████████████████████████████████████████████████████| 256/256 [00:00<00:00, 328.03it/s, loss=epoch loss=0.00396]Epoch 00047: reducing learning rate of group 0 to 1.0000e-06.
Epoch 235, lr 0.001: 100%|████████████████████████████████████████████████████████████████████████| 256/256 [00:01<00:00, 211.89it/s, loss=validation loss=0.006406]
Epoch 236, lr 0.001: 100%|██████████████████████████████████████████████████████████████████████████████| 256/256 [00:00<00:00, 320.40it/s, loss=epoch loss=0.00393]
Epoch 237, lr 0.001: 100%|██████████████████████████████████████████████████████████████████████████████| 256/256 [00:00<00:00, 334.16it/s, loss=epoch loss=0.00391]
Epoch 238, lr 0.001: 100%|██████████████████████████████████████████████████████████████████████████████| 256/256 [00:00<00:00, 339.19it/s, loss=epoch loss=0.00385]
Epoch 239, lr 0.001: 100%|██████████████████████████████████████████████████████████████████████████████| 256/256 [00:00<00:00, 323.29it/s, loss=epoch loss=0.00390]
Epoch 240, lr 0.001: 100%|████████████████████████████████████████████████████████████████████████| 256/256 [00:01<00:00, 245.22it/s, loss=validation loss=0.006410]
Epoch 241, lr 0.001: 100%|██████████████████████████████████████████████████████████████████████████████| 256/256 [00:00<00:00, 325.20it/s, loss=epoch loss=0.00387]
Epoch 242, lr 0.001: 100%|██████████████████████████████████████████████████████████████████████████████| 256/256 [00:00<00:00, 335.65it/s, loss=epoch loss=0.00388]
Epoch 243, lr 0.001: 100%|██████████████████████████████████████████████████████████████████████████████| 256/256 [00:00<00:00, 340.29it/s, loss=epoch loss=0.00381]
Epoch 244, lr 0.001: 100%|██████████████████████████████████████████████████████████████████████████████| 256/256 [00:00<00:00, 323.47it/s, loss=epoch loss=0.00388]
Epoch 245, lr 0.001: 100%|████████████████████████████████████████████████████████████████████████| 256/256 [00:01<00:00, 232.25it/s, loss=validation loss=0.006412]
Epoch 246, lr 0.001: 100%|██████████████████████████████████████████████████████████████████████████████| 256/256 [00:00<00:00, 315.74it/s, loss=epoch loss=0.00389]
Epoch 247, lr 0.001: 100%|██████████████████████████████████████████████████████████████████████████████| 256/256 [00:00<00:00, 353.01it/s, loss=epoch loss=0.00383]
Epoch 248, lr 0.001: 100%|██████████████████████████████████████████████████████████████████████████████| 256/256 [00:00<00:00, 323.67it/s, loss=epoch loss=0.00389]
Epoch 249, lr 0.001: 100%|██████████████████████████████████████████████████████████████████████████████| 256/256 [00:00<00:00, 322.73it/s, loss=epoch loss=0.00390]
Epoch 250, lr 0.001: 100%|████████████████████████████████████████████████████████████████████████| 256/256 [00:01<00:00, 224.91it/s, loss=validation loss=0.006402]
Epoch 251, lr 0.001: 100%|██████████████████████████████████████████████████████████████████████████████| 256/256 [00:00<00:00, 321.91it/s, loss=epoch loss=0.00396]
Epoch 252, lr 0.001: 100%|██████████████████████████████████████████████████████████████████████████████| 256/256 [00:00<00:00, 356.08it/s, loss=epoch loss=0.00388]
Epoch 253, lr 0.001: 100%|██████████████████████████████████████████████████████████████████████████████| 256/256 [00:00<00:00, 324.40it/s, loss=epoch loss=0.00388]
Epoch 254, lr 0.001: 100%|██████████████████████████████████████████████████████████████████████████████| 256/256 [00:00<00:00, 326.37it/s, loss=epoch loss=0.00389]
Epoch 255, lr 0.001: 100%|████████████████████████████████████████████████████████████████████████| 256/256 [00:01<00:00, 218.67it/s, loss=validation loss=0.006397]
Epoch 256, lr 0.001: 100%|██████████████████████████████████████████████████████████████████████████████| 256/256 [00:00<00:00, 316.40it/s, loss=epoch loss=0.00389]
Epoch 257, lr 0.001: 100%|██████████████████████████████████████████████████████████████████████████████| 256/256 [00:00<00:00, 326.88it/s, loss=epoch loss=0.00384]
Epoch 258, lr 0.001: 100%|██████████████████████████████████████████████████████████████████████████████| 256/256 [00:00<00:00, 329.96it/s, loss=epoch loss=0.00389]
Epoch 259, lr 0.001: 100%|██████████████████████████████████████████████████████████████████████████████| 256/256 [00:00<00:00, 325.50it/s, loss=epoch loss=0.00390]
Epoch 260, lr 0.001: 100%|████████████████████████████████████████████████████████████████████████| 256/256 [00:01<00:00, 238.60it/s, loss=validation loss=0.006411]
Epoch 261, lr 0.001: 100%|██████████████████████████████████████████████████████████████████████████████| 256/256 [00:00<00:00, 319.82it/s, loss=epoch loss=0.00394]
Epoch 262, lr 0.001: 100%|██████████████████████████████████████████████████████████████████████████████| 256/256 [00:00<00:00, 360.53it/s, loss=epoch loss=0.00390]
Epoch 263, lr 0.001: 100%|██████████████████████████████████████████████████████████████████████████████| 256/256 [00:00<00:00, 328.12it/s, loss=epoch loss=0.00385]
Epoch 264, lr 0.001: 100%|██████████████████████████████████████████████████████████████████████████████| 256/256 [00:00<00:00, 327.42it/s, loss=epoch loss=0.00394]
Epoch 265, lr 0.001: 100%|████████████████████████████████████████████████████████████████████████| 256/256 [00:01<00:00, 228.70it/s, loss=validation loss=0.006380]
Epoch 266, lr 0.001: 100%|██████████████████████████████████████████████████████████████████████████████| 256/256 [00:00<00:00, 315.98it/s, loss=epoch loss=0.00388]
Epoch 267, lr 0.001: 100%|██████████████████████████████████████████████████████████████████████████████| 256/256 [00:00<00:00, 358.49it/s, loss=epoch loss=0.00392]
Epoch 268, lr 0.001: 100%|██████████████████████████████████████████████████████████████████████████████| 256/256 [00:00<00:00, 318.33it/s, loss=epoch loss=0.00381]
Epoch 269, lr 0.001: 100%|██████████████████████████████████████████████████████████████████████████████| 256/256 [00:00<00:00, 329.33it/s, loss=epoch loss=0.00389]
Epoch 270, lr 0.001: 100%|████████████████████████████████████████████████████████████████████████| 256/256 [00:01<00:00, 225.99it/s, loss=validation loss=0.006372]
Epoch 271, lr 0.001: 100%|██████████████████████████████████████████████████████████████████████████████| 256/256 [00:00<00:00, 325.26it/s, loss=epoch loss=0.00385]
Epoch 272, lr 0.001: 100%|██████████████████████████████████████████████████████████████████████████████| 256/256 [00:00<00:00, 348.28it/s, loss=epoch loss=0.00385]
Epoch 273, lr 0.001: 100%|██████████████████████████████████████████████████████████████████████████████| 256/256 [00:00<00:00, 325.16it/s, loss=epoch loss=0.00394]
Epoch 274, lr 0.001: 100%|██████████████████████████████████████████████████████████████████████████████| 256/256 [00:00<00:00, 327.05it/s, loss=epoch loss=0.00391]
Epoch 275, lr 0.001: 100%|████████████████████████████████████████████████████████████████████████| 256/256 [00:01<00:00, 229.42it/s, loss=validation loss=0.006377]
Epoch 276, lr 0.001: 100%|██████████████████████████████████████████████████████████████████████████████| 256/256 [00:00<00:00, 337.76it/s, loss=epoch loss=0.00387]
Epoch 277, lr 0.001: 100%|██████████████████████████████████████████████████████████████████████████████| 256/256 [00:00<00:00, 329.22it/s, loss=epoch loss=0.00386]
Epoch 278, lr 0.001: 100%|██████████████████████████████████████████████████████████████████████████████| 256/256 [00:00<00:00, 323.59it/s, loss=epoch loss=0.00387]
Epoch 279, lr 0.001: 100%|██████████████████████████████████████████████████████████████████████████████| 256/256 [00:00<00:00, 322.64it/s, loss=epoch loss=0.00380]
Epoch 280, lr 0.001: 100%|████████████████████████████████████████████████████████████████████████| 256/256 [00:01<00:00, 220.64it/s, loss=validation loss=0.006328]
Epoch 281, lr 0.001: 100%|██████████████████████████████████████████████████████████████████████████████| 256/256 [00:00<00:00, 354.70it/s, loss=epoch loss=0.00390]
Epoch 282, lr 0.001: 100%|██████████████████████████████████████████████████████████████████████████████| 256/256 [00:00<00:00, 323.91it/s, loss=epoch loss=0.00390]
Epoch 283, lr 0.001: 100%|██████████████████████████████████████████████████████████████████████████████| 256/256 [00:00<00:00, 327.82it/s, loss=epoch loss=0.00388]
Epoch 284, lr 0.001: 100%|██████████████████████████████████████████████████████████████████████████████| 256/256 [00:00<00:00, 325.92it/s, loss=epoch loss=0.00382]
Epoch 285, lr 0.001: 100%|████████████████████████████████████████████████████████████████████████| 256/256 [00:01<00:00, 243.12it/s, loss=validation loss=0.006361]
Epoch 286, lr 0.001: 100%|██████████████████████████████████████████████████████████████████████████████| 256/256 [00:00<00:00, 348.32it/s, loss=epoch loss=0.00390]
Epoch 287, lr 0.001: 100%|██████████████████████████████████████████████████████████████████████████████| 256/256 [00:00<00:00, 329.44it/s, loss=epoch loss=0.00391]
Epoch 288, lr 0.001: 100%|██████████████████████████████████████████████████████████████████████████████| 256/256 [00:00<00:00, 325.00it/s, loss=epoch loss=0.00384]
Epoch 289, lr 0.001: 100%|██████████████████████████████████████████████████████████████████████████████| 256/256 [00:00<00:00, 326.82it/s, loss=epoch loss=0.00390]
Epoch 290, lr 0.001: 100%|██████████████████████████████████████████████████████████████████████████████| 256/256 [00:00<00:00, 328.09it/s, loss=epoch loss=0.00381]Epoch 00058: reducing learning rate of group 0 to 1.0000e-07.
Epoch 290, lr 0.001: 100%|████████████████████████████████████████████████████████████████████████| 256/256 [00:01<00:00, 226.26it/s, loss=validation loss=0.006315]
Epoch 291, lr 0.001: 100%|██████████████████████████████████████████████████████████████████████████████| 256/256 [00:00<00:00, 335.50it/s, loss=epoch loss=0.00381]
Epoch 292, lr 0.001: 100%|██████████████████████████████████████████████████████████████████████████████| 256/256 [00:00<00:00, 328.84it/s, loss=epoch loss=0.00380]
Epoch 293, lr 0.001: 100%|██████████████████████████████████████████████████████████████████████████████| 256/256 [00:00<00:00, 326.42it/s, loss=epoch loss=0.00385]
Epoch 294, lr 0.001: 100%|██████████████████████████████████████████████████████████████████████████████| 256/256 [00:00<00:00, 326.74it/s, loss=epoch loss=0.00376]
Epoch 295, lr 0.001: 100%|████████████████████████████████████████████████████████████████████████| 256/256 [00:01<00:00, 248.04it/s, loss=validation loss=0.006332]
Epoch 296, lr 0.001: 100%|██████████████████████████████████████████████████████████████████████████████| 256/256 [00:00<00:00, 331.97it/s, loss=epoch loss=0.00378]
Epoch 297, lr 0.001: 100%|██████████████████████████████████████████████████████████████████████████████| 256/256 [00:00<00:00, 329.20it/s, loss=epoch loss=0.00379]
Epoch 298, lr 0.001: 100%|██████████████████████████████████████████████████████████████████████████████| 256/256 [00:00<00:00, 323.70it/s, loss=epoch loss=0.00382]
Epoch 299, lr 0.001: 100%|██████████████████████████████████████████████████████████████████████████████| 256/256 [00:00<00:00, 329.01it/s, loss=epoch loss=0.00387]
Epoch 300, lr 0.001: 100%|████████████████████████████████████████████████████████████████████████| 256/256 [00:01<00:00, 221.65it/s, loss=validation loss=0.006350]
Epoch 301, lr 0.001: 100%|██████████████████████████████████████████████████████████████████████████████| 256/256 [00:00<00:00, 328.00it/s, loss=epoch loss=0.00379]
Epoch 302, lr 0.001: 100%|██████████████████████████████████████████████████████████████████████████████| 256/256 [00:00<00:00, 321.67it/s, loss=epoch loss=0.00378]
Epoch 303, lr 0.001: 100%|██████████████████████████████████████████████████████████████████████████████| 256/256 [00:00<00:00, 320.23it/s, loss=epoch loss=0.00384]
Epoch 304, lr 0.001: 100%|██████████████████████████████████████████████████████████████████████████████| 256/256 [00:00<00:00, 326.79it/s, loss=epoch loss=0.00380]
Epoch 305, lr 0.001: 100%|████████████████████████████████████████████████████████████████████████| 256/256 [00:01<00:00, 214.96it/s, loss=validation loss=0.006303]
Epoch 306, lr 0.001: 100%|██████████████████████████████████████████████████████████████████████████████| 256/256 [00:00<00:00, 322.85it/s, loss=epoch loss=0.00385]
Epoch 307, lr 0.001: 100%|██████████████████████████████████████████████████████████████████████████████| 256/256 [00:00<00:00, 324.12it/s, loss=epoch loss=0.00382]
Epoch 308, lr 0.001: 100%|██████████████████████████████████████████████████████████████████████████████| 256/256 [00:00<00:00, 326.51it/s, loss=epoch loss=0.00379]
Epoch 309, lr 0.001: 100%|██████████████████████████████████████████████████████████████████████████████| 256/256 [00:00<00:00, 324.53it/s, loss=epoch loss=0.00379]
Epoch 310, lr 0.001: 100%|████████████████████████████████████████████████████████████████████████| 256/256 [00:01<00:00, 199.10it/s, loss=validation loss=0.006303]
Epoch 311, lr 0.001: 100%|██████████████████████████████████████████████████████████████████████████████| 256/256 [00:00<00:00, 311.42it/s, loss=epoch loss=0.00380]
Epoch 312, lr 0.001: 100%|██████████████████████████████████████████████████████████████████████████████| 256/256 [00:00<00:00, 322.74it/s, loss=epoch loss=0.00375]
Epoch 313, lr 0.001: 100%|██████████████████████████████████████████████████████████████████████████████| 256/256 [00:00<00:00, 324.24it/s, loss=epoch loss=0.00381]
Epoch 314, lr 0.001: 100%|██████████████████████████████████████████████████████████████████████████████| 256/256 [00:00<00:00, 325.56it/s, loss=epoch loss=0.00380]
Epoch 315, lr 0.001: 100%|████████████████████████████████████████████████████████████████████████| 256/256 [00:01<00:00, 234.12it/s, loss=validation loss=0.006280]
Epoch 316, lr 0.001: 100%|██████████████████████████████████████████████████████████████████████████████| 256/256 [00:00<00:00, 323.42it/s, loss=epoch loss=0.00380]
Epoch 317, lr 0.001: 100%|██████████████████████████████████████████████████████████████████████████████| 256/256 [00:00<00:00, 323.71it/s, loss=epoch loss=0.00384]
Epoch 318, lr 0.001: 100%|██████████████████████████████████████████████████████████████████████████████| 256/256 [00:00<00:00, 325.87it/s, loss=epoch loss=0.00377]
Epoch 319, lr 0.001: 100%|██████████████████████████████████████████████████████████████████████████████| 256/256 [00:00<00:00, 324.71it/s, loss=epoch loss=0.00372]
Epoch 320, lr 0.001: 100%|████████████████████████████████████████████████████████████████████████| 256/256 [00:01<00:00, 206.65it/s, loss=validation loss=0.006291]
Epoch 321, lr 0.001: 100%|██████████████████████████████████████████████████████████████████████████████| 256/256 [00:00<00:00, 321.92it/s, loss=epoch loss=0.00388]
Epoch 322, lr 0.001: 100%|██████████████████████████████████████████████████████████████████████████████| 256/256 [00:00<00:00, 326.35it/s, loss=epoch loss=0.00381]
Epoch 323, lr 0.001: 100%|██████████████████████████████████████████████████████████████████████████████| 256/256 [00:00<00:00, 328.33it/s, loss=epoch loss=0.00385]
Epoch 324, lr 0.001: 100%|██████████████████████████████████████████████████████████████████████████████| 256/256 [00:00<00:00, 326.36it/s, loss=epoch loss=0.00376]
Epoch 325, lr 0.001: 100%|████████████████████████████████████████████████████████████████████████| 256/256 [00:00<00:00, 270.21it/s, loss=validation loss=0.006300]
Epoch 326, lr 0.001: 100%|██████████████████████████████████████████████████████████████████████████████| 256/256 [00:00<00:00, 319.47it/s, loss=epoch loss=0.00379]
Epoch 327, lr 0.001: 100%|██████████████████████████████████████████████████████████████████████████████| 256/256 [00:00<00:00, 326.05it/s, loss=epoch loss=0.00382]
Epoch 328, lr 0.001: 100%|██████████████████████████████████████████████████████████████████████████████| 256/256 [00:00<00:00, 327.18it/s, loss=epoch loss=0.00388]
Epoch 329, lr 0.001: 100%|██████████████████████████████████████████████████████████████████████████████| 256/256 [00:00<00:00, 326.86it/s, loss=epoch loss=0.00378]
Epoch 330, lr 0.001: 100%|████████████████████████████████████████████████████████████████████████| 256/256 [00:00<00:00, 274.04it/s, loss=validation loss=0.006287]
Epoch 331, lr 0.001: 100%|██████████████████████████████████████████████████████████████████████████████| 256/256 [00:00<00:00, 326.27it/s, loss=epoch loss=0.00377]
Epoch 332, lr 0.001: 100%|██████████████████████████████████████████████████████████████████████████████| 256/256 [00:00<00:00, 326.71it/s, loss=epoch loss=0.00388]
Epoch 333, lr 0.001: 100%|██████████████████████████████████████████████████████████████████████████████| 256/256 [00:00<00:00, 326.94it/s, loss=epoch loss=0.00378]
Epoch 334, lr 0.001: 100%|██████████████████████████████████████████████████████████████████████████████| 256/256 [00:00<00:00, 326.39it/s, loss=epoch loss=0.00381]
Epoch 335, lr 0.001: 100%|████████████████████████████████████████████████████████████████████████| 256/256 [00:01<00:00, 210.54it/s, loss=validation loss=0.006274]
Epoch 336, lr 0.001: 100%|██████████████████████████████████████████████████████████████████████████████| 256/256 [00:00<00:00, 315.46it/s, loss=epoch loss=0.00377]
Epoch 337, lr 0.001: 100%|██████████████████████████████████████████████████████████████████████████████| 256/256 [00:00<00:00, 327.03it/s, loss=epoch loss=0.00380]
Epoch 338, lr 0.001: 100%|██████████████████████████████████████████████████████████████████████████████| 256/256 [00:00<00:00, 328.45it/s, loss=epoch loss=0.00376]
Epoch 339, lr 0.001: 100%|██████████████████████████████████████████████████████████████████████████████| 256/256 [00:00<00:00, 326.28it/s, loss=epoch loss=0.00379]
Epoch 340, lr 0.001: 100%|████████████████████████████████████████████████████████████████████████| 256/256 [00:01<00:00, 234.72it/s, loss=validation loss=0.006276]
Epoch 341, lr 0.001: 100%|██████████████████████████████████████████████████████████████████████████████| 256/256 [00:00<00:00, 312.75it/s, loss=epoch loss=0.00376]
Epoch 342, lr 0.001: 100%|██████████████████████████████████████████████████████████████████████████████| 256/256 [00:00<00:00, 329.79it/s, loss=epoch loss=0.00379]
Epoch 343, lr 0.001: 100%|██████████████████████████████████████████████████████████████████████████████| 256/256 [00:00<00:00, 325.46it/s, loss=epoch loss=0.00379]
Epoch 344, lr 0.001: 100%|██████████████████████████████████████████████████████████████████████████████| 256/256 [00:00<00:00, 325.82it/s, loss=epoch loss=0.00375]
Epoch 345, lr 0.001: 100%|██████████████████████████████████████████████████████████████████████████████| 256/256 [00:00<00:00, 363.79it/s, loss=epoch loss=0.00384]Epoch 00069: reducing learning rate of group 0 to 1.0000e-08.
Epoch 345, lr 0.001: 100%|████████████████████████████████████████████████████████████████████████| 256/256 [00:01<00:00, 252.13it/s, loss=validation loss=0.006262]
Epoch 346, lr 0.001: 100%|██████████████████████████████████████████████████████████████████████████████| 256/256 [00:00<00:00, 325.59it/s, loss=epoch loss=0.00376]
Epoch 347, lr 0.001: 100%|██████████████████████████████████████████████████████████████████████████████| 256/256 [00:00<00:00, 331.20it/s, loss=epoch loss=0.00377]
Epoch 348, lr 0.001: 100%|██████████████████████████████████████████████████████████████████████████████| 256/256 [00:00<00:00, 328.86it/s, loss=epoch loss=0.00381]
Epoch 349, lr 0.001: 100%|██████████████████████████████████████████████████████████████████████████████| 256/256 [00:00<00:00, 327.71it/s, loss=epoch loss=0.00378]
Epoch 350, lr 0.001: 100%|████████████████████████████████████████████████████████████████████████| 256/256 [00:00<00:00, 277.17it/s, loss=validation loss=0.006278]
Epoch 351, lr 0.001: 100%|██████████████████████████████████████████████████████████████████████████████| 256/256 [00:00<00:00, 328.30it/s, loss=epoch loss=0.00378]
Epoch 352, lr 0.001: 100%|██████████████████████████████████████████████████████████████████████████████| 256/256 [00:00<00:00, 327.59it/s, loss=epoch loss=0.00377]
Epoch 353, lr 0.001: 100%|██████████████████████████████████████████████████████████████████████████████| 256/256 [00:00<00:00, 326.93it/s, loss=epoch loss=0.00380]
Epoch 354, lr 0.001: 100%|██████████████████████████████████████████████████████████████████████████████| 256/256 [00:00<00:00, 326.22it/s, loss=epoch loss=0.00373]
Epoch 355, lr 0.001: 100%|████████████████████████████████████████████████████████████████████████| 256/256 [00:00<00:00, 269.78it/s, loss=validation loss=0.006291]
Epoch 356, lr 0.001: 100%|██████████████████████████████████████████████████████████████████████████████| 256/256 [00:00<00:00, 320.30it/s, loss=epoch loss=0.00376]
Epoch 357, lr 0.001: 100%|██████████████████████████████████████████████████████████████████████████████| 256/256 [00:00<00:00, 325.43it/s, loss=epoch loss=0.00373]
Epoch 358, lr 0.001: 100%|██████████████████████████████████████████████████████████████████████████████| 256/256 [00:00<00:00, 328.25it/s, loss=epoch loss=0.00381]
Epoch 359, lr 0.001: 100%|██████████████████████████████████████████████████████████████████████████████| 256/256 [00:00<00:00, 327.17it/s, loss=epoch loss=0.00374]
Epoch 360, lr 0.001: 100%|████████████████████████████████████████████████████████████████████████| 256/256 [00:01<00:00, 239.83it/s, loss=validation loss=0.006323]
Epoch 361, lr 0.001: 100%|██████████████████████████████████████████████████████████████████████████████| 256/256 [00:00<00:00, 323.67it/s, loss=epoch loss=0.00383]
Epoch 362, lr 0.001: 100%|██████████████████████████████████████████████████████████████████████████████| 256/256 [00:00<00:00, 329.04it/s, loss=epoch loss=0.00376]
Epoch 363, lr 0.001: 100%|██████████████████████████████████████████████████████████████████████████████| 256/256 [00:00<00:00, 326.69it/s, loss=epoch loss=0.00378]
Epoch 364, lr 0.001: 100%|██████████████████████████████████████████████████████████████████████████████| 256/256 [00:00<00:00, 327.75it/s, loss=epoch loss=0.00382]
Epoch 365, lr 0.001: 100%|████████████████████████████████████████████████████████████████████████| 256/256 [00:01<00:00, 252.63it/s, loss=validation loss=0.006303]
Epoch 366, lr 0.001: 100%|██████████████████████████████████████████████████████████████████████████████| 256/256 [00:00<00:00, 325.93it/s, loss=epoch loss=0.00377]
Epoch 367, lr 0.001: 100%|██████████████████████████████████████████████████████████████████████████████| 256/256 [00:00<00:00, 332.69it/s, loss=epoch loss=0.00372]
Epoch 368, lr 0.001: 100%|██████████████████████████████████████████████████████████████████████████████| 256/256 [00:00<00:00, 328.89it/s, loss=epoch loss=0.00380]
Epoch 369, lr 0.001: 100%|██████████████████████████████████████████████████████████████████████████████| 256/256 [00:00<00:00, 328.31it/s, loss=epoch loss=0.00378]
Epoch 370, lr 0.001: 100%|████████████████████████████████████████████████████████████████████████| 256/256 [00:00<00:00, 273.49it/s, loss=validation loss=0.006294]
Epoch 371, lr 0.001: 100%|██████████████████████████████████████████████████████████████████████████████| 256/256 [00:00<00:00, 328.50it/s, loss=epoch loss=0.00374]
Epoch 372, lr 0.001: 100%|██████████████████████████████████████████████████████████████████████████████| 256/256 [00:00<00:00, 325.43it/s, loss=epoch loss=0.00381]
Epoch 373, lr 0.001: 100%|██████████████████████████████████████████████████████████████████████████████| 256/256 [00:00<00:00, 326.03it/s, loss=epoch loss=0.00369]
Epoch 374, lr 0.001: 100%|██████████████████████████████████████████████████████████████████████████████| 256/256 [00:00<00:00, 327.78it/s, loss=epoch loss=0.00375]
Epoch 375, lr 0.001: 100%|████████████████████████████████████████████████████████████████████████| 256/256 [00:01<00:00, 250.48it/s, loss=validation loss=0.006318]
Epoch 376, lr 0.001: 100%|██████████████████████████████████████████████████████████████████████████████| 256/256 [00:00<00:00, 316.60it/s, loss=epoch loss=0.00385]
Epoch 377, lr 0.001: 100%|██████████████████████████████████████████████████████████████████████████████| 256/256 [00:00<00:00, 326.28it/s, loss=epoch loss=0.00376]
Epoch 378, lr 0.001: 100%|██████████████████████████████████████████████████████████████████████████████| 256/256 [00:00<00:00, 328.26it/s, loss=epoch loss=0.00381]
Epoch 379, lr 0.001: 100%|██████████████████████████████████████████████████████████████████████████████| 256/256 [00:00<00:00, 326.31it/s, loss=epoch loss=0.00385]
Epoch 380, lr 0.001: 100%|████████████████████████████████████████████████████████████████████████| 256/256 [00:00<00:00, 266.42it/s, loss=validation loss=0.006417]
Epoch 381, lr 0.001: 100%|██████████████████████████████████████████████████████████████████████████████| 256/256 [00:00<00:00, 321.55it/s, loss=epoch loss=0.00379]
Epoch 382, lr 0.001: 100%|██████████████████████████████████████████████████████████████████████████████| 256/256 [00:00<00:00, 327.50it/s, loss=epoch loss=0.00383]
Epoch 383, lr 0.001: 100%|██████████████████████████████████████████████████████████████████████████████| 256/256 [00:00<00:00, 328.03it/s, loss=epoch loss=0.00380]
Epoch 384, lr 0.001: 100%|██████████████████████████████████████████████████████████████████████████████| 256/256 [00:00<00:00, 326.57it/s, loss=epoch loss=0.00386]
Epoch 385, lr 0.001: 100%|████████████████████████████████████████████████████████████████████████| 256/256 [00:01<00:00, 237.74it/s, loss=validation loss=0.006280]
Epoch 386, lr 0.001: 100%|██████████████████████████████████████████████████████████████████████████████| 256/256 [00:00<00:00, 315.72it/s, loss=epoch loss=0.00382]
Epoch 387, lr 0.001: 100%|██████████████████████████████████████████████████████████████████████████████| 256/256 [00:00<00:00, 323.25it/s, loss=epoch loss=0.00374]
Epoch 388, lr 0.001: 100%|██████████████████████████████████████████████████████████████████████████████| 256/256 [00:00<00:00, 325.71it/s, loss=epoch loss=0.00383]
Epoch 389, lr 0.001: 100%|██████████████████████████████████████████████████████████████████████████████| 256/256 [00:00<00:00, 326.90it/s, loss=epoch loss=0.00375]
Epoch 390, lr 0.001: 100%|████████████████████████████████████████████████████████████████████████| 256/256 [00:01<00:00, 234.35it/s, loss=validation loss=0.006272]
Epoch 391, lr 0.001: 100%|██████████████████████████████████████████████████████████████████████████████| 256/256 [00:00<00:00, 317.71it/s, loss=epoch loss=0.00368]
Epoch 392, lr 0.001: 100%|██████████████████████████████████████████████████████████████████████████████| 256/256 [00:00<00:00, 325.51it/s, loss=epoch loss=0.00379]
Epoch 393, lr 0.001: 100%|██████████████████████████████████████████████████████████████████████████████| 256/256 [00:00<00:00, 326.37it/s, loss=epoch loss=0.00376]
Epoch 394, lr 0.001: 100%|██████████████████████████████████████████████████████████████████████████████| 256/256 [00:00<00:00, 326.64it/s, loss=epoch loss=0.00377]
Epoch 395, lr 0.001: 100%|██████████████████████████████████████████████████████████████████████████████| 256/256 [00:00<00:00, 329.41it/s, loss=epoch loss=0.00374]Epoch 00079: reducing learning rate of group 0 to 1.0000e-04.
Epoch 395, lr 0.001: 100%|████████████████████████████████████████████████████████████████████████| 256/256 [00:01<00:00, 195.25it/s, loss=validation loss=0.006278]
Epoch 396, lr 0.0001: 100%|█████████████████████████████████████████████████████████████████████████████| 256/256 [00:00<00:00, 314.50it/s, loss=epoch loss=0.00377]
Epoch 397, lr 0.0001: 100%|█████████████████████████████████████████████████████████████████████████████| 256/256 [00:00<00:00, 322.40it/s, loss=epoch loss=0.00373]
Epoch 398, lr 0.0001: 100%|█████████████████████████████████████████████████████████████████████████████| 256/256 [00:00<00:00, 324.65it/s, loss=epoch loss=0.00372]
Epoch 399, lr 0.0001: 100%|█████████████████████████████████████████████████████████████████████████████| 256/256 [00:00<00:00, 326.96it/s, loss=epoch loss=0.00372]
Epoch 400, lr 0.0001: 100%|█████████████████████████████████████████████████████████████████████████████| 256/256 [00:00<00:00, 328.14it/s, loss=epoch loss=0.00381]Epoch 00080: reducing learning rate of group 0 to 1.0000e-04.
Epoch 400, lr 0.0001: 100%|███████████████████████████████████████████████████████████████████████| 256/256 [00:01<00:00, 223.42it/s, loss=validation loss=0.006264]
Epoch 401, lr 0.0001: 100%|█████████████████████████████████████████████████████████████████████████████| 256/256 [00:00<00:00, 317.76it/s, loss=epoch loss=0.00377]
Epoch 402, lr 0.0001: 100%|█████████████████████████████████████████████████████████████████████████████| 256/256 [00:00<00:00, 321.83it/s, loss=epoch loss=0.00371]
Epoch 403, lr 0.0001: 100%|█████████████████████████████████████████████████████████████████████████████| 256/256 [00:00<00:00, 323.41it/s, loss=epoch loss=0.00377]
Epoch 404, lr 0.0001: 100%|█████████████████████████████████████████████████████████████████████████████| 256/256 [00:00<00:00, 325.26it/s, loss=epoch loss=0.00372]
Epoch 405, lr 0.0001: 100%|███████████████████████████████████████████████████████████████████████| 256/256 [00:01<00:00, 186.61it/s, loss=validation loss=0.006260]
Epoch 406, lr 0.0001: 100%|█████████████████████████████████████████████████████████████████████████████| 256/256 [00:00<00:00, 320.20it/s, loss=epoch loss=0.00369]
Epoch 407, lr 0.0001: 100%|█████████████████████████████████████████████████████████████████████████████| 256/256 [00:00<00:00, 322.57it/s, loss=epoch loss=0.00372]
Epoch 408, lr 0.0001: 100%|█████████████████████████████████████████████████████████████████████████████| 256/256 [00:00<00:00, 325.94it/s, loss=epoch loss=0.00380]
Epoch 409, lr 0.0001: 100%|█████████████████████████████████████████████████████████████████████████████| 256/256 [00:00<00:00, 326.24it/s, loss=epoch loss=0.00377]
Epoch 410, lr 0.0001: 100%|███████████████████████████████████████████████████████████████████████| 256/256 [00:01<00:00, 185.64it/s, loss=validation loss=0.006257]
Epoch 411, lr 0.0001: 100%|█████████████████████████████████████████████████████████████████████████████| 256/256 [00:00<00:00, 316.98it/s, loss=epoch loss=0.00374]
Epoch 412, lr 0.0001: 100%|█████████████████████████████████████████████████████████████████████████████| 256/256 [00:00<00:00, 323.85it/s, loss=epoch loss=0.00371]
Epoch 413, lr 0.0001: 100%|█████████████████████████████████████████████████████████████████████████████| 256/256 [00:00<00:00, 326.51it/s, loss=epoch loss=0.00368]
Epoch 414, lr 0.0001: 100%|█████████████████████████████████████████████████████████████████████████████| 256/256 [00:00<00:00, 324.35it/s, loss=epoch loss=0.00373]
Epoch 415, lr 0.0001: 100%|███████████████████████████████████████████████████████████████████████| 256/256 [00:01<00:00, 189.44it/s, loss=validation loss=0.006255]
Epoch 416, lr 0.0001: 100%|█████████████████████████████████████████████████████████████████████████████| 256/256 [00:00<00:00, 316.96it/s, loss=epoch loss=0.00376]
Epoch 417, lr 0.0001: 100%|█████████████████████████████████████████████████████████████████████████████| 256/256 [00:00<00:00, 329.49it/s, loss=epoch loss=0.00374]
Epoch 418, lr 0.0001: 100%|█████████████████████████████████████████████████████████████████████████████| 256/256 [00:00<00:00, 324.25it/s, loss=epoch loss=0.00377]
Epoch 419, lr 0.0001: 100%|█████████████████████████████████████████████████████████████████████████████| 256/256 [00:00<00:00, 323.80it/s, loss=epoch loss=0.00373]
Epoch 420, lr 0.0001: 100%|███████████████████████████████████████████████████████████████████████| 256/256 [00:00<00:00, 259.89it/s, loss=validation loss=0.006257]
Epoch 421, lr 0.0001: 100%|█████████████████████████████████████████████████████████████████████████████| 256/256 [00:00<00:00, 325.47it/s, loss=epoch loss=0.00376]
Epoch 422, lr 0.0001: 100%|█████████████████████████████████████████████████████████████████████████████| 256/256 [00:00<00:00, 324.37it/s, loss=epoch loss=0.00378]
Epoch 423, lr 0.0001: 100%|█████████████████████████████████████████████████████████████████████████████| 256/256 [00:00<00:00, 327.11it/s, loss=epoch loss=0.00376]
Epoch 424, lr 0.0001: 100%|█████████████████████████████████████████████████████████████████████████████| 256/256 [00:00<00:00, 327.88it/s, loss=epoch loss=0.00375]
Epoch 425, lr 0.0001: 100%|███████████████████████████████████████████████████████████████████████| 256/256 [00:01<00:00, 253.30it/s, loss=validation loss=0.006257]
Epoch 426, lr 0.0001: 100%|█████████████████████████████████████████████████████████████████████████████| 256/256 [00:00<00:00, 320.50it/s, loss=epoch loss=0.00378]
Epoch 427, lr 0.0001: 100%|█████████████████████████████████████████████████████████████████████████████| 256/256 [00:00<00:00, 326.41it/s, loss=epoch loss=0.00375]
Epoch 428, lr 0.0001: 100%|█████████████████████████████████████████████████████████████████████████████| 256/256 [00:00<00:00, 325.49it/s, loss=epoch loss=0.00376]
Epoch 429, lr 0.0001: 100%|█████████████████████████████████████████████████████████████████████████████| 256/256 [00:00<00:00, 324.75it/s, loss=epoch loss=0.00373]
