(DL_env) ksridhar@koa03:~/dvrk_force_estimation/indirect_method$ python train.py free_space 1
Running for is_rnn value:  True
Model path exists
Model path exists
Model path exists
Model path exists
Model path exists
Model path exists
Training for 1000
Epoch 1, lr 0.001: 100%|████████████████████████████████████████████████████████████████████████████████| 256/256 [00:00<00:00, 343.25it/s, loss=epoch loss=0.92574]
Epoch 2, lr 0.001: 100%|████████████████████████████████████████████████████████████████████████████████| 256/256 [00:00<00:00, 495.89it/s, loss=epoch loss=0.88840]
Epoch 3, lr 0.001: 100%|████████████████████████████████████████████████████████████████████████████████| 256/256 [00:00<00:00, 468.75it/s, loss=epoch loss=0.85939]
Epoch 4, lr 0.001: 100%|████████████████████████████████████████████████████████████████████████████████| 256/256 [00:00<00:00, 443.05it/s, loss=epoch loss=0.84625]
Epoch 5, lr 0.001: 100%|██████████████████████████████████████████████████████████████████████████| 256/256 [00:00<00:00, 304.81it/s, loss=validation loss=1.021798]
Epoch 6, lr 0.001: 100%|████████████████████████████████████████████████████████████████████████████████| 256/256 [00:00<00:00, 473.70it/s, loss=epoch loss=0.78653]
Epoch 7, lr 0.001: 100%|████████████████████████████████████████████████████████████████████████████████| 256/256 [00:00<00:00, 451.43it/s, loss=epoch loss=0.77447]
Epoch 8, lr 0.001: 100%|████████████████████████████████████████████████████████████████████████████████| 256/256 [00:00<00:00, 446.13it/s, loss=epoch loss=0.76711]
Epoch 9, lr 0.001: 100%|████████████████████████████████████████████████████████████████████████████████| 256/256 [00:00<00:00, 444.50it/s, loss=epoch loss=0.75697]
Epoch 10, lr 0.001: 100%|█████████████████████████████████████████████████████████████████████████| 256/256 [00:00<00:00, 290.36it/s, loss=validation loss=0.976086]
Epoch 11, lr 0.001: 100%|███████████████████████████████████████████████████████████████████████████████| 256/256 [00:00<00:00, 471.95it/s, loss=epoch loss=0.72525]
Epoch 12, lr 0.001: 100%|███████████████████████████████████████████████████████████████████████████████| 256/256 [00:00<00:00, 450.85it/s, loss=epoch loss=0.71485]
Epoch 13, lr 0.001: 100%|███████████████████████████████████████████████████████████████████████████████| 256/256 [00:00<00:00, 441.73it/s, loss=epoch loss=0.71046]
Epoch 14, lr 0.001: 100%|███████████████████████████████████████████████████████████████████████████████| 256/256 [00:00<00:00, 435.06it/s, loss=epoch loss=0.69850]
Epoch 15, lr 0.001: 100%|█████████████████████████████████████████████████████████████████████████| 256/256 [00:00<00:00, 285.35it/s, loss=validation loss=0.929809]
Epoch 16, lr 0.001: 100%|███████████████████████████████████████████████████████████████████████████████| 256/256 [00:00<00:00, 324.09it/s, loss=epoch loss=0.68785]
Epoch 17, lr 0.001: 100%|███████████████████████████████████████████████████████████████████████████████| 256/256 [00:00<00:00, 319.98it/s, loss=epoch loss=0.68565]
Epoch 18, lr 0.001: 100%|███████████████████████████████████████████████████████████████████████████████| 256/256 [00:00<00:00, 326.42it/s, loss=epoch loss=0.67234]
Epoch 19, lr 0.001: 100%|███████████████████████████████████████████████████████████████████████████████| 256/256 [00:00<00:00, 327.26it/s, loss=epoch loss=0.65141]
Epoch 20, lr 0.001: 100%|█████████████████████████████████████████████████████████████████████████| 256/256 [00:01<00:00, 252.52it/s, loss=validation loss=0.908482]
Epoch 21, lr 0.001: 100%|███████████████████████████████████████████████████████████████████████████████| 256/256 [00:00<00:00, 322.51it/s, loss=epoch loss=0.64876]
Epoch 22, lr 0.001: 100%|███████████████████████████████████████████████████████████████████████████████| 256/256 [00:00<00:00, 317.20it/s, loss=epoch loss=0.63077]
Epoch 23, lr 0.001: 100%|███████████████████████████████████████████████████████████████████████████████| 256/256 [00:00<00:00, 333.22it/s, loss=epoch loss=0.63297]
Epoch 24, lr 0.001: 100%|███████████████████████████████████████████████████████████████████████████████| 256/256 [00:00<00:00, 329.77it/s, loss=epoch loss=0.61656]
Epoch 25, lr 0.001: 100%|█████████████████████████████████████████████████████████████████████████| 256/256 [00:00<00:00, 263.82it/s, loss=validation loss=0.845979]
Epoch 26, lr 0.001: 100%|███████████████████████████████████████████████████████████████████████████████| 256/256 [00:00<00:00, 329.81it/s, loss=epoch loss=0.60087]
Epoch 27, lr 0.001: 100%|███████████████████████████████████████████████████████████████████████████████| 256/256 [00:00<00:00, 328.26it/s, loss=epoch loss=0.60181]
Epoch 28, lr 0.001: 100%|███████████████████████████████████████████████████████████████████████████████| 256/256 [00:00<00:00, 329.11it/s, loss=epoch loss=0.59315]
Epoch 29, lr 0.001: 100%|███████████████████████████████████████████████████████████████████████████████| 256/256 [00:00<00:00, 328.66it/s, loss=epoch loss=0.59686]
Epoch 30, lr 0.001: 100%|█████████████████████████████████████████████████████████████████████████| 256/256 [00:01<00:00, 219.76it/s, loss=validation loss=0.777073]
Epoch 31, lr 0.001: 100%|███████████████████████████████████████████████████████████████████████████████| 256/256 [00:00<00:00, 316.60it/s, loss=epoch loss=0.57440]
Epoch 32, lr 0.001: 100%|███████████████████████████████████████████████████████████████████████████████| 256/256 [00:00<00:00, 324.68it/s, loss=epoch loss=0.55898]
Epoch 33, lr 0.001: 100%|███████████████████████████████████████████████████████████████████████████████| 256/256 [00:00<00:00, 322.17it/s, loss=epoch loss=0.55078]
Epoch 34, lr 0.001: 100%|███████████████████████████████████████████████████████████████████████████████| 256/256 [00:00<00:00, 317.80it/s, loss=epoch loss=0.53886]
Epoch 35, lr 0.001: 100%|█████████████████████████████████████████████████████████████████████████| 256/256 [00:00<00:00, 261.66it/s, loss=validation loss=0.719330]
Epoch 36, lr 0.001: 100%|███████████████████████████████████████████████████████████████████████████████| 256/256 [00:00<00:00, 324.52it/s, loss=epoch loss=0.60008]
Epoch 37, lr 0.001: 100%|███████████████████████████████████████████████████████████████████████████████| 256/256 [00:00<00:00, 322.60it/s, loss=epoch loss=0.56883]
Epoch 38, lr 0.001: 100%|███████████████████████████████████████████████████████████████████████████████| 256/256 [00:00<00:00, 331.38it/s, loss=epoch loss=0.58101]
Epoch 39, lr 0.001: 100%|███████████████████████████████████████████████████████████████████████████████| 256/256 [00:00<00:00, 328.45it/s, loss=epoch loss=0.56969]
Epoch 40, lr 0.001: 100%|█████████████████████████████████████████████████████████████████████████| 256/256 [00:00<00:00, 273.47it/s, loss=validation loss=0.707792]
Epoch 41, lr 0.001: 100%|███████████████████████████████████████████████████████████████████████████████| 256/256 [00:00<00:00, 330.08it/s, loss=epoch loss=0.55595]
Epoch 42, lr 0.001: 100%|███████████████████████████████████████████████████████████████████████████████| 256/256 [00:00<00:00, 327.80it/s, loss=epoch loss=0.53396]
Epoch 43, lr 0.001: 100%|███████████████████████████████████████████████████████████████████████████████| 256/256 [00:00<00:00, 327.32it/s, loss=epoch loss=0.53102]
Epoch 44, lr 0.001: 100%|███████████████████████████████████████████████████████████████████████████████| 256/256 [00:00<00:00, 326.22it/s, loss=epoch loss=0.51550]
Epoch 45, lr 0.001: 100%|█████████████████████████████████████████████████████████████████████████| 256/256 [00:00<00:00, 278.05it/s, loss=validation loss=0.686810]
Epoch 46, lr 0.001: 100%|███████████████████████████████████████████████████████████████████████████████| 256/256 [00:00<00:00, 331.70it/s, loss=epoch loss=0.50312]
Epoch 47, lr 0.001: 100%|███████████████████████████████████████████████████████████████████████████████| 256/256 [00:00<00:00, 327.21it/s, loss=epoch loss=0.48327]
Epoch 48, lr 0.001: 100%|███████████████████████████████████████████████████████████████████████████████| 256/256 [00:00<00:00, 328.12it/s, loss=epoch loss=0.47430]
Epoch 49, lr 0.001: 100%|███████████████████████████████████████████████████████████████████████████████| 256/256 [00:00<00:00, 326.45it/s, loss=epoch loss=0.46732]
Epoch 50, lr 0.001: 100%|█████████████████████████████████████████████████████████████████████████| 256/256 [00:01<00:00, 201.95it/s, loss=validation loss=0.598634]
Epoch 51, lr 0.001: 100%|███████████████████████████████████████████████████████████████████████████████| 256/256 [00:00<00:00, 315.85it/s, loss=epoch loss=0.46866]
Epoch 52, lr 0.001: 100%|███████████████████████████████████████████████████████████████████████████████| 256/256 [00:00<00:00, 325.11it/s, loss=epoch loss=0.43412]
Epoch 53, lr 0.001: 100%|███████████████████████████████████████████████████████████████████████████████| 256/256 [00:00<00:00, 327.61it/s, loss=epoch loss=0.42829]
Epoch 54, lr 0.001: 100%|███████████████████████████████████████████████████████████████████████████████| 256/256 [00:00<00:00, 327.26it/s, loss=epoch loss=0.45958]
Epoch 55, lr 0.001: 100%|█████████████████████████████████████████████████████████████████████████| 256/256 [00:01<00:00, 218.12it/s, loss=validation loss=0.618477]
Epoch 56, lr 0.001: 100%|███████████████████████████████████████████████████████████████████████████████| 256/256 [00:00<00:00, 319.25it/s, loss=epoch loss=0.42110]
Epoch 57, lr 0.001: 100%|███████████████████████████████████████████████████████████████████████████████| 256/256 [00:00<00:00, 322.77it/s, loss=epoch loss=0.41964]
Epoch 58, lr 0.001: 100%|███████████████████████████████████████████████████████████████████████████████| 256/256 [00:00<00:00, 321.77it/s, loss=epoch loss=0.38685]
Epoch 59, lr 0.001: 100%|███████████████████████████████████████████████████████████████████████████████| 256/256 [00:00<00:00, 316.36it/s, loss=epoch loss=0.36335]
Epoch 60, lr 0.001: 100%|█████████████████████████████████████████████████████████████████████████| 256/256 [00:01<00:00, 235.00it/s, loss=validation loss=0.740787]
Epoch 61, lr 0.001: 100%|███████████████████████████████████████████████████████████████████████████████| 256/256 [00:00<00:00, 320.92it/s, loss=epoch loss=0.56836]
Epoch 62, lr 0.001: 100%|███████████████████████████████████████████████████████████████████████████████| 256/256 [00:00<00:00, 330.25it/s, loss=epoch loss=0.52327]
Epoch 63, lr 0.001: 100%|███████████████████████████████████████████████████████████████████████████████| 256/256 [00:00<00:00, 317.05it/s, loss=epoch loss=0.52621]
Epoch 64, lr 0.001: 100%|███████████████████████████████████████████████████████████████████████████████| 256/256 [00:00<00:00, 329.81it/s, loss=epoch loss=0.48511]
Epoch 65, lr 0.001: 100%|█████████████████████████████████████████████████████████████████████████| 256/256 [00:00<00:00, 297.49it/s, loss=validation loss=0.599006]
Epoch 66, lr 0.001: 100%|███████████████████████████████████████████████████████████████████████████████| 256/256 [00:00<00:00, 328.01it/s, loss=epoch loss=0.47362]
Epoch 67, lr 0.001: 100%|███████████████████████████████████████████████████████████████████████████████| 256/256 [00:00<00:00, 327.87it/s, loss=epoch loss=0.47186]
Epoch 68, lr 0.001: 100%|███████████████████████████████████████████████████████████████████████████████| 256/256 [00:00<00:00, 326.52it/s, loss=epoch loss=0.45123]
Epoch 69, lr 0.001: 100%|███████████████████████████████████████████████████████████████████████████████| 256/256 [00:00<00:00, 327.20it/s, loss=epoch loss=0.43732]
Epoch 70, lr 0.001: 100%|█████████████████████████████████████████████████████████████████████████| 256/256 [00:01<00:00, 174.97it/s, loss=validation loss=0.576124]
Epoch 71, lr 0.001: 100%|███████████████████████████████████████████████████████████████████████████████| 256/256 [00:00<00:00, 320.14it/s, loss=epoch loss=0.41827]
Epoch 72, lr 0.001: 100%|███████████████████████████████████████████████████████████████████████████████| 256/256 [00:00<00:00, 327.58it/s, loss=epoch loss=0.37533]
Epoch 73, lr 0.001: 100%|███████████████████████████████████████████████████████████████████████████████| 256/256 [00:00<00:00, 317.01it/s, loss=epoch loss=0.37155]
Epoch 74, lr 0.001: 100%|███████████████████████████████████████████████████████████████████████████████| 256/256 [00:00<00:00, 321.28it/s, loss=epoch loss=0.36058]
Epoch 75, lr 0.001: 100%|█████████████████████████████████████████████████████████████████████████| 256/256 [00:01<00:00, 242.31it/s, loss=validation loss=0.480459]
Epoch 76, lr 0.001: 100%|███████████████████████████████████████████████████████████████████████████████| 256/256 [00:00<00:00, 324.45it/s, loss=epoch loss=0.33686]
Epoch 77, lr 0.001: 100%|███████████████████████████████████████████████████████████████████████████████| 256/256 [00:00<00:00, 327.21it/s, loss=epoch loss=0.33153]
Epoch 78, lr 0.001: 100%|███████████████████████████████████████████████████████████████████████████████| 256/256 [00:00<00:00, 325.99it/s, loss=epoch loss=0.30356]
Epoch 79, lr 0.001: 100%|███████████████████████████████████████████████████████████████████████████████| 256/256 [00:00<00:00, 327.74it/s, loss=epoch loss=0.29051]
Epoch 80, lr 0.001: 100%|█████████████████████████████████████████████████████████████████████████| 256/256 [00:01<00:00, 212.03it/s, loss=validation loss=0.406187]
Epoch 81, lr 0.001: 100%|███████████████████████████████████████████████████████████████████████████████| 256/256 [00:00<00:00, 322.97it/s, loss=epoch loss=0.26777]
Epoch 82, lr 0.001: 100%|███████████████████████████████████████████████████████████████████████████████| 256/256 [00:00<00:00, 325.33it/s, loss=epoch loss=0.30043]
Epoch 83, lr 0.001: 100%|███████████████████████████████████████████████████████████████████████████████| 256/256 [00:00<00:00, 326.25it/s, loss=epoch loss=0.34476]
Epoch 84, lr 0.001: 100%|███████████████████████████████████████████████████████████████████████████████| 256/256 [00:00<00:00, 327.53it/s, loss=epoch loss=0.33092]
Epoch 85, lr 0.001: 100%|█████████████████████████████████████████████████████████████████████████| 256/256 [00:01<00:00, 188.11it/s, loss=validation loss=0.394917]
Epoch 86, lr 0.001: 100%|███████████████████████████████████████████████████████████████████████████████| 256/256 [00:00<00:00, 315.93it/s, loss=epoch loss=0.28268]
Epoch 87, lr 0.001: 100%|███████████████████████████████████████████████████████████████████████████████| 256/256 [00:00<00:00, 325.33it/s, loss=epoch loss=0.27143]
Epoch 88, lr 0.001: 100%|███████████████████████████████████████████████████████████████████████████████| 256/256 [00:00<00:00, 326.44it/s, loss=epoch loss=0.29775]
Epoch 89, lr 0.001: 100%|███████████████████████████████████████████████████████████████████████████████| 256/256 [00:00<00:00, 326.86it/s, loss=epoch loss=0.26972]
Epoch 90, lr 0.001: 100%|█████████████████████████████████████████████████████████████████████████| 256/256 [00:01<00:00, 232.67it/s, loss=validation loss=0.321303]
Epoch 91, lr 0.001: 100%|███████████████████████████████████████████████████████████████████████████████| 256/256 [00:00<00:00, 323.10it/s, loss=epoch loss=0.25517]
Epoch 92, lr 0.001: 100%|███████████████████████████████████████████████████████████████████████████████| 256/256 [00:00<00:00, 325.65it/s, loss=epoch loss=0.26657]
Epoch 93, lr 0.001: 100%|███████████████████████████████████████████████████████████████████████████████| 256/256 [00:00<00:00, 326.66it/s, loss=epoch loss=0.25801]
Epoch 94, lr 0.001: 100%|███████████████████████████████████████████████████████████████████████████████| 256/256 [00:00<00:00, 326.49it/s, loss=epoch loss=0.21667]
Epoch 95, lr 0.001: 100%|█████████████████████████████████████████████████████████████████████████| 256/256 [00:01<00:00, 245.60it/s, loss=validation loss=0.356659]
Epoch 96, lr 0.001: 100%|███████████████████████████████████████████████████████████████████████████████| 256/256 [00:00<00:00, 353.85it/s, loss=epoch loss=0.28615]
Epoch 97, lr 0.001: 100%|███████████████████████████████████████████████████████████████████████████████| 256/256 [00:00<00:00, 323.14it/s, loss=epoch loss=0.24384]
Epoch 98, lr 0.001: 100%|███████████████████████████████████████████████████████████████████████████████| 256/256 [00:00<00:00, 325.22it/s, loss=epoch loss=0.21663]
Epoch 99, lr 0.001: 100%|███████████████████████████████████████████████████████████████████████████████| 256/256 [00:00<00:00, 326.36it/s, loss=epoch loss=0.23461]
Epoch 100, lr 0.001: 100%|████████████████████████████████████████████████████████████████████████| 256/256 [00:01<00:00, 202.17it/s, loss=validation loss=0.307760]
Epoch 101, lr 0.001: 100%|██████████████████████████████████████████████████████████████████████████████| 256/256 [00:00<00:00, 350.35it/s, loss=epoch loss=0.21813]
Epoch 102, lr 0.001: 100%|██████████████████████████████████████████████████████████████████████████████| 256/256 [00:00<00:00, 328.51it/s, loss=epoch loss=0.20136]
Epoch 103, lr 0.001: 100%|██████████████████████████████████████████████████████████████████████████████| 256/256 [00:00<00:00, 323.66it/s, loss=epoch loss=0.22128]
Epoch 104, lr 0.001: 100%|██████████████████████████████████████████████████████████████████████████████| 256/256 [00:00<00:00, 326.16it/s, loss=epoch loss=0.22097]
Epoch 105, lr 0.001: 100%|████████████████████████████████████████████████████████████████████████| 256/256 [00:01<00:00, 238.25it/s, loss=validation loss=0.286911]
Epoch 106, lr 0.001: 100%|██████████████████████████████████████████████████████████████████████████████| 256/256 [00:00<00:00, 362.68it/s, loss=epoch loss=0.24194]
Epoch 107, lr 0.001: 100%|██████████████████████████████████████████████████████████████████████████████| 256/256 [00:00<00:00, 327.88it/s, loss=epoch loss=0.20283]
Epoch 108, lr 0.001: 100%|██████████████████████████████████████████████████████████████████████████████| 256/256 [00:00<00:00, 323.88it/s, loss=epoch loss=0.19198]
Epoch 109, lr 0.001: 100%|██████████████████████████████████████████████████████████████████████████████| 256/256 [00:00<00:00, 324.59it/s, loss=epoch loss=0.20821]
Epoch 110, lr 0.001: 100%|████████████████████████████████████████████████████████████████████████| 256/256 [00:01<00:00, 244.97it/s, loss=validation loss=0.308924]
Epoch 111, lr 0.001: 100%|██████████████████████████████████████████████████████████████████████████████| 256/256 [00:00<00:00, 370.68it/s, loss=epoch loss=0.19046]
Epoch 112, lr 0.001: 100%|██████████████████████████████████████████████████████████████████████████████| 256/256 [00:00<00:00, 323.71it/s, loss=epoch loss=0.20475]
Epoch 113, lr 0.001: 100%|██████████████████████████████████████████████████████████████████████████████| 256/256 [00:00<00:00, 329.43it/s, loss=epoch loss=0.21397]
Epoch 114, lr 0.001: 100%|██████████████████████████████████████████████████████████████████████████████| 256/256 [00:00<00:00, 340.83it/s, loss=epoch loss=0.18395]
Epoch 115, lr 0.001: 100%|████████████████████████████████████████████████████████████████████████| 256/256 [00:01<00:00, 221.60it/s, loss=validation loss=0.256685]
Epoch 116, lr 0.001: 100%|██████████████████████████████████████████████████████████████████████████████| 256/256 [00:00<00:00, 383.38it/s, loss=epoch loss=0.18757]
Epoch 117, lr 0.001: 100%|██████████████████████████████████████████████████████████████████████████████| 256/256 [00:00<00:00, 342.99it/s, loss=epoch loss=0.19124]
Epoch 118, lr 0.001: 100%|██████████████████████████████████████████████████████████████████████████████| 256/256 [00:00<00:00, 335.20it/s, loss=epoch loss=0.17656]
Epoch 119, lr 0.001: 100%|██████████████████████████████████████████████████████████████████████████████| 256/256 [00:00<00:00, 336.42it/s, loss=epoch loss=0.16873]
Epoch 120, lr 0.001: 100%|████████████████████████████████████████████████████████████████████████| 256/256 [00:01<00:00, 223.98it/s, loss=validation loss=0.270233]
Epoch 121, lr 0.001: 100%|██████████████████████████████████████████████████████████████████████████████| 256/256 [00:00<00:00, 355.07it/s, loss=epoch loss=0.15871]
Epoch 122, lr 0.001: 100%|██████████████████████████████████████████████████████████████████████████████| 256/256 [00:00<00:00, 340.37it/s, loss=epoch loss=0.17801]
Epoch 123, lr 0.001: 100%|██████████████████████████████████████████████████████████████████████████████| 256/256 [00:00<00:00, 326.73it/s, loss=epoch loss=0.16859]
Epoch 124, lr 0.001: 100%|██████████████████████████████████████████████████████████████████████████████| 256/256 [00:00<00:00, 322.32it/s, loss=epoch loss=0.18679]
Epoch 125, lr 0.001: 100%|████████████████████████████████████████████████████████████████████████| 256/256 [00:01<00:00, 244.06it/s, loss=validation loss=0.266437]
Epoch 126, lr 0.001: 100%|██████████████████████████████████████████████████████████████████████████████| 256/256 [00:00<00:00, 332.66it/s, loss=epoch loss=0.18568]
Epoch 127, lr 0.001: 100%|██████████████████████████████████████████████████████████████████████████████| 256/256 [00:00<00:00, 377.11it/s, loss=epoch loss=0.19131]
Epoch 128, lr 0.001: 100%|██████████████████████████████████████████████████████████████████████████████| 256/256 [00:00<00:00, 323.54it/s, loss=epoch loss=0.17744]
Epoch 129, lr 0.001: 100%|██████████████████████████████████████████████████████████████████████████████| 256/256 [00:00<00:00, 327.03it/s, loss=epoch loss=0.18109]
Epoch 130, lr 0.001: 100%|████████████████████████████████████████████████████████████████████████| 256/256 [00:01<00:00, 235.89it/s, loss=validation loss=0.238363]
Epoch 131, lr 0.001: 100%|██████████████████████████████████████████████████████████████████████████████| 256/256 [00:00<00:00, 320.98it/s, loss=epoch loss=0.17568]
Epoch 132, lr 0.001: 100%|██████████████████████████████████████████████████████████████████████████████| 256/256 [00:00<00:00, 385.96it/s, loss=epoch loss=0.14937]
Epoch 133, lr 0.001: 100%|██████████████████████████████████████████████████████████████████████████████| 256/256 [00:00<00:00, 332.97it/s, loss=epoch loss=0.15255]
Epoch 134, lr 0.001: 100%|██████████████████████████████████████████████████████████████████████████████| 256/256 [00:00<00:00, 329.60it/s, loss=epoch loss=0.16579]
Epoch 135, lr 0.001: 100%|████████████████████████████████████████████████████████████████████████| 256/256 [00:01<00:00, 242.49it/s, loss=validation loss=0.335182]
Epoch 136, lr 0.001: 100%|██████████████████████████████████████████████████████████████████████████████| 256/256 [00:00<00:00, 322.16it/s, loss=epoch loss=0.19304]
Epoch 137, lr 0.001: 100%|██████████████████████████████████████████████████████████████████████████████| 256/256 [00:00<00:00, 382.82it/s, loss=epoch loss=0.17602]
Epoch 138, lr 0.001: 100%|██████████████████████████████████████████████████████████████████████████████| 256/256 [00:00<00:00, 331.14it/s, loss=epoch loss=0.18141]
Epoch 139, lr 0.001: 100%|██████████████████████████████████████████████████████████████████████████████| 256/256 [00:00<00:00, 326.73it/s, loss=epoch loss=0.17848]
Epoch 140, lr 0.001: 100%|████████████████████████████████████████████████████████████████████████| 256/256 [00:01<00:00, 219.99it/s, loss=validation loss=0.206761]
Epoch 141, lr 0.001: 100%|██████████████████████████████████████████████████████████████████████████████| 256/256 [00:00<00:00, 325.08it/s, loss=epoch loss=0.17174]
Epoch 142, lr 0.001: 100%|██████████████████████████████████████████████████████████████████████████████| 256/256 [00:00<00:00, 389.36it/s, loss=epoch loss=0.17442]
Epoch 143, lr 0.001: 100%|██████████████████████████████████████████████████████████████████████████████| 256/256 [00:00<00:00, 337.68it/s, loss=epoch loss=0.17537]
Epoch 144, lr 0.001: 100%|██████████████████████████████████████████████████████████████████████████████| 256/256 [00:00<00:00, 324.07it/s, loss=epoch loss=0.16169]
Epoch 145, lr 0.001: 100%|████████████████████████████████████████████████████████████████████████| 256/256 [00:01<00:00, 214.68it/s, loss=validation loss=0.220701]
Epoch 146, lr 0.001: 100%|██████████████████████████████████████████████████████████████████████████████| 256/256 [00:00<00:00, 308.31it/s, loss=epoch loss=0.15717]
Epoch 147, lr 0.001: 100%|██████████████████████████████████████████████████████████████████████████████| 256/256 [00:00<00:00, 354.15it/s, loss=epoch loss=0.16209]
Epoch 148, lr 0.001: 100%|██████████████████████████████████████████████████████████████████████████████| 256/256 [00:00<00:00, 337.90it/s, loss=epoch loss=0.15823]
Epoch 149, lr 0.001: 100%|██████████████████████████████████████████████████████████████████████████████| 256/256 [00:00<00:00, 327.08it/s, loss=epoch loss=0.13860]
Epoch 150, lr 0.001: 100%|████████████████████████████████████████████████████████████████████████| 256/256 [00:01<00:00, 222.20it/s, loss=validation loss=0.194560]
Epoch 151, lr 0.001: 100%|██████████████████████████████████████████████████████████████████████████████| 256/256 [00:00<00:00, 322.78it/s, loss=epoch loss=0.13895]
Epoch 152, lr 0.001: 100%|██████████████████████████████████████████████████████████████████████████████| 256/256 [00:00<00:00, 352.64it/s, loss=epoch loss=0.13514]
Epoch 153, lr 0.001: 100%|██████████████████████████████████████████████████████████████████████████████| 256/256 [00:00<00:00, 332.97it/s, loss=epoch loss=0.14103]
Epoch 154, lr 0.001: 100%|██████████████████████████████████████████████████████████████████████████████| 256/256 [00:00<00:00, 327.08it/s, loss=epoch loss=0.15828]
Epoch 155, lr 0.001: 100%|████████████████████████████████████████████████████████████████████████| 256/256 [00:01<00:00, 226.67it/s, loss=validation loss=0.197231]
Epoch 156, lr 0.001: 100%|██████████████████████████████████████████████████████████████████████████████| 256/256 [00:00<00:00, 317.30it/s, loss=epoch loss=0.14222]
Epoch 157, lr 0.001: 100%|██████████████████████████████████████████████████████████████████████████████| 256/256 [00:00<00:00, 392.40it/s, loss=epoch loss=0.15104]
Epoch 158, lr 0.001: 100%|██████████████████████████████████████████████████████████████████████████████| 256/256 [00:00<00:00, 329.61it/s, loss=epoch loss=0.14705]
Epoch 159, lr 0.001: 100%|██████████████████████████████████████████████████████████████████████████████| 256/256 [00:00<00:00, 326.57it/s, loss=epoch loss=0.16118]
Epoch 160, lr 0.001: 100%|████████████████████████████████████████████████████████████████████████| 256/256 [00:01<00:00, 237.22it/s, loss=validation loss=0.198210]
Epoch 161, lr 0.001: 100%|██████████████████████████████████████████████████████████████████████████████| 256/256 [00:00<00:00, 316.64it/s, loss=epoch loss=0.15651]
Epoch 162, lr 0.001: 100%|██████████████████████████████████████████████████████████████████████████████| 256/256 [00:00<00:00, 368.30it/s, loss=epoch loss=0.15373]
Epoch 163, lr 0.001: 100%|██████████████████████████████████████████████████████████████████████████████| 256/256 [00:00<00:00, 319.49it/s, loss=epoch loss=0.13281]
Epoch 164, lr 0.001: 100%|██████████████████████████████████████████████████████████████████████████████| 256/256 [00:00<00:00, 324.78it/s, loss=epoch loss=0.12827]
Epoch 165, lr 0.001: 100%|████████████████████████████████████████████████████████████████████████| 256/256 [00:01<00:00, 237.57it/s, loss=validation loss=0.195407]
Epoch 166, lr 0.001: 100%|██████████████████████████████████████████████████████████████████████████████| 256/256 [00:00<00:00, 319.16it/s, loss=epoch loss=0.13103]
Epoch 167, lr 0.001: 100%|██████████████████████████████████████████████████████████████████████████████| 256/256 [00:00<00:00, 377.85it/s, loss=epoch loss=0.13089]
Epoch 168, lr 0.001: 100%|██████████████████████████████████████████████████████████████████████████████| 256/256 [00:00<00:00, 324.42it/s, loss=epoch loss=0.12022]
Epoch 169, lr 0.001: 100%|██████████████████████████████████████████████████████████████████████████████| 256/256 [00:00<00:00, 322.33it/s, loss=epoch loss=0.13605]
Epoch 170, lr 0.001: 100%|████████████████████████████████████████████████████████████████████████| 256/256 [00:01<00:00, 237.53it/s, loss=validation loss=0.199226]
Epoch 171, lr 0.001: 100%|██████████████████████████████████████████████████████████████████████████████| 256/256 [00:00<00:00, 313.96it/s, loss=epoch loss=0.16334]
Epoch 172, lr 0.001: 100%|██████████████████████████████████████████████████████████████████████████████| 256/256 [00:00<00:00, 356.70it/s, loss=epoch loss=0.16088]
Epoch 173, lr 0.001: 100%|██████████████████████████████████████████████████████████████████████████████| 256/256 [00:00<00:00, 321.51it/s, loss=epoch loss=0.15721]
Epoch 174, lr 0.001: 100%|██████████████████████████████████████████████████████████████████████████████| 256/256 [00:00<00:00, 324.38it/s, loss=epoch loss=0.15524]
Epoch 175, lr 0.001: 100%|████████████████████████████████████████████████████████████████████████| 256/256 [00:01<00:00, 231.84it/s, loss=validation loss=0.234061]
Epoch 176, lr 0.001: 100%|██████████████████████████████████████████████████████████████████████████████| 256/256 [00:00<00:00, 327.07it/s, loss=epoch loss=0.15017]
Epoch 177, lr 0.001: 100%|██████████████████████████████████████████████████████████████████████████████| 256/256 [00:00<00:00, 359.31it/s, loss=epoch loss=0.14419]
Epoch 178, lr 0.001: 100%|██████████████████████████████████████████████████████████████████████████████| 256/256 [00:00<00:00, 321.57it/s, loss=epoch loss=0.13358]
Epoch 179, lr 0.001: 100%|██████████████████████████████████████████████████████████████████████████████| 256/256 [00:00<00:00, 323.72it/s, loss=epoch loss=0.13193]
Epoch 180, lr 0.001: 100%|████████████████████████████████████████████████████████████████████████| 256/256 [00:01<00:00, 244.29it/s, loss=validation loss=0.191880]
Epoch 181, lr 0.001: 100%|██████████████████████████████████████████████████████████████████████████████| 256/256 [00:00<00:00, 323.31it/s, loss=epoch loss=0.13335]
Epoch 182, lr 0.001: 100%|██████████████████████████████████████████████████████████████████████████████| 256/256 [00:00<00:00, 382.33it/s, loss=epoch loss=0.12838]
Epoch 183, lr 0.001: 100%|██████████████████████████████████████████████████████████████████████████████| 256/256 [00:00<00:00, 326.63it/s, loss=epoch loss=0.14218]
Epoch 184, lr 0.001: 100%|██████████████████████████████████████████████████████████████████████████████| 256/256 [00:00<00:00, 324.96it/s, loss=epoch loss=0.13429]
Epoch 185, lr 0.001: 100%|████████████████████████████████████████████████████████████████████████| 256/256 [00:01<00:00, 244.47it/s, loss=validation loss=0.198776]
Epoch 186, lr 0.001: 100%|██████████████████████████████████████████████████████████████████████████████| 256/256 [00:00<00:00, 316.05it/s, loss=epoch loss=0.14709]
Epoch 187, lr 0.001: 100%|██████████████████████████████████████████████████████████████████████████████| 256/256 [00:00<00:00, 380.15it/s, loss=epoch loss=0.14758]
Epoch 188, lr 0.001: 100%|██████████████████████████████████████████████████████████████████████████████| 256/256 [00:00<00:00, 328.92it/s, loss=epoch loss=0.13816]
Epoch 189, lr 0.001: 100%|██████████████████████████████████████████████████████████████████████████████| 256/256 [00:00<00:00, 331.67it/s, loss=epoch loss=0.14269]
Epoch 190, lr 0.001: 100%|████████████████████████████████████████████████████████████████████████| 256/256 [00:01<00:00, 222.66it/s, loss=validation loss=0.175642]
Epoch 191, lr 0.001: 100%|██████████████████████████████████████████████████████████████████████████████| 256/256 [00:00<00:00, 310.42it/s, loss=epoch loss=0.13226]
Epoch 192, lr 0.001: 100%|██████████████████████████████████████████████████████████████████████████████| 256/256 [00:00<00:00, 371.71it/s, loss=epoch loss=0.14512]
Epoch 193, lr 0.001: 100%|██████████████████████████████████████████████████████████████████████████████| 256/256 [00:00<00:00, 328.33it/s, loss=epoch loss=0.12977]
Epoch 194, lr 0.001: 100%|██████████████████████████████████████████████████████████████████████████████| 256/256 [00:00<00:00, 329.18it/s, loss=epoch loss=0.12920]
Epoch 195, lr 0.001: 100%|████████████████████████████████████████████████████████████████████████| 256/256 [00:01<00:00, 242.46it/s, loss=validation loss=0.187668]
Epoch 196, lr 0.001: 100%|██████████████████████████████████████████████████████████████████████████████| 256/256 [00:00<00:00, 312.09it/s, loss=epoch loss=0.14029]
Epoch 197, lr 0.001: 100%|██████████████████████████████████████████████████████████████████████████████| 256/256 [00:00<00:00, 367.73it/s, loss=epoch loss=0.13053]
Epoch 198, lr 0.001: 100%|██████████████████████████████████████████████████████████████████████████████| 256/256 [00:00<00:00, 354.57it/s, loss=epoch loss=0.12101]
Epoch 199, lr 0.001: 100%|██████████████████████████████████████████████████████████████████████████████| 256/256 [00:00<00:00, 323.34it/s, loss=epoch loss=0.14847]
Epoch 200, lr 0.001: 100%|████████████████████████████████████████████████████████████████████████| 256/256 [00:01<00:00, 245.87it/s, loss=validation loss=0.184875]
Epoch 201, lr 0.001: 100%|██████████████████████████████████████████████████████████████████████████████| 256/256 [00:00<00:00, 322.49it/s, loss=epoch loss=0.14374]
Epoch 202, lr 0.001: 100%|██████████████████████████████████████████████████████████████████████████████| 256/256 [00:00<00:00, 330.60it/s, loss=epoch loss=0.14731]
Epoch 203, lr 0.001: 100%|██████████████████████████████████████████████████████████████████████████████| 256/256 [00:00<00:00, 397.28it/s, loss=epoch loss=0.14343]
Epoch 204, lr 0.001: 100%|██████████████████████████████████████████████████████████████████████████████| 256/256 [00:00<00:00, 327.17it/s, loss=epoch loss=0.13242]
Epoch 205, lr 0.001: 100%|██████████████████████████████████████████████████████████████████████████████| 256/256 [00:00<00:00, 326.53it/s, loss=epoch loss=0.14188]Epoch 00041: reducing learning rate of group 0 to 1.0000e-04.
Epoch 205, lr 0.001: 100%|████████████████████████████████████████████████████████████████████████| 256/256 [00:01<00:00, 239.93it/s, loss=validation loss=0.269123]
Epoch 206, lr 0.001: 100%|██████████████████████████████████████████████████████████████████████████████| 256/256 [00:00<00:00, 321.70it/s, loss=epoch loss=0.14583]
Epoch 207, lr 0.001: 100%|██████████████████████████████████████████████████████████████████████████████| 256/256 [00:00<00:00, 332.91it/s, loss=epoch loss=0.13624]
Epoch 208, lr 0.001: 100%|██████████████████████████████████████████████████████████████████████████████| 256/256 [00:00<00:00, 355.07it/s, loss=epoch loss=0.14517]
Epoch 209, lr 0.001: 100%|██████████████████████████████████████████████████████████████████████████████| 256/256 [00:00<00:00, 323.42it/s, loss=epoch loss=0.13377]
Epoch 210, lr 0.001: 100%|██████████████████████████████████████████████████████████████████████████████| 256/256 [00:00<00:00, 327.87it/s, loss=epoch loss=0.12624]Epoch 00042: reducing learning rate of group 0 to 1.0000e-04.
Epoch 210, lr 0.001: 100%|████████████████████████████████████████████████████████████████████████| 256/256 [00:01<00:00, 234.49it/s, loss=validation loss=0.171823]
Epoch 211, lr 0.001: 100%|██████████████████████████████████████████████████████████████████████████████| 256/256 [00:00<00:00, 320.73it/s, loss=epoch loss=0.11808]
Epoch 212, lr 0.001: 100%|██████████████████████████████████████████████████████████████████████████████| 256/256 [00:00<00:00, 325.59it/s, loss=epoch loss=0.11665]
Epoch 213, lr 0.001: 100%|██████████████████████████████████████████████████████████████████████████████| 256/256 [00:00<00:00, 352.28it/s, loss=epoch loss=0.11495]
Epoch 214, lr 0.001: 100%|██████████████████████████████████████████████████████████████████████████████| 256/256 [00:00<00:00, 324.28it/s, loss=epoch loss=0.12483]
Epoch 215, lr 0.001: 100%|████████████████████████████████████████████████████████████████████████| 256/256 [00:01<00:00, 236.97it/s, loss=validation loss=0.161655]
Epoch 216, lr 0.001: 100%|██████████████████████████████████████████████████████████████████████████████| 256/256 [00:00<00:00, 314.16it/s, loss=epoch loss=0.12795]
Epoch 217, lr 0.001: 100%|██████████████████████████████████████████████████████████████████████████████| 256/256 [00:00<00:00, 328.05it/s, loss=epoch loss=0.12955]
Epoch 218, lr 0.001: 100%|██████████████████████████████████████████████████████████████████████████████| 256/256 [00:00<00:00, 392.04it/s, loss=epoch loss=0.12693]
Epoch 219, lr 0.001: 100%|██████████████████████████████████████████████████████████████████████████████| 256/256 [00:00<00:00, 324.05it/s, loss=epoch loss=0.12178]
Epoch 220, lr 0.001: 100%|████████████████████████████████████████████████████████████████████████| 256/256 [00:01<00:00, 237.21it/s, loss=validation loss=0.162345]
Epoch 221, lr 0.001: 100%|██████████████████████████████████████████████████████████████████████████████| 256/256 [00:00<00:00, 327.25it/s, loss=epoch loss=0.12011]
Epoch 222, lr 0.001: 100%|██████████████████████████████████████████████████████████████████████████████| 256/256 [00:00<00:00, 328.90it/s, loss=epoch loss=0.13588]
Epoch 223, lr 0.001: 100%|██████████████████████████████████████████████████████████████████████████████| 256/256 [00:00<00:00, 367.85it/s, loss=epoch loss=0.11724]
Epoch 224, lr 0.001: 100%|██████████████████████████████████████████████████████████████████████████████| 256/256 [00:00<00:00, 329.43it/s, loss=epoch loss=0.12120]
Epoch 225, lr 0.001: 100%|████████████████████████████████████████████████████████████████████████| 256/256 [00:01<00:00, 201.88it/s, loss=validation loss=0.155546]
Epoch 226, lr 0.001: 100%|██████████████████████████████████████████████████████████████████████████████| 256/256 [00:00<00:00, 323.78it/s, loss=epoch loss=0.11500]
Epoch 227, lr 0.001: 100%|██████████████████████████████████████████████████████████████████████████████| 256/256 [00:00<00:00, 331.99it/s, loss=epoch loss=0.11086]
Epoch 228, lr 0.001: 100%|██████████████████████████████████████████████████████████████████████████████| 256/256 [00:00<00:00, 364.41it/s, loss=epoch loss=0.15473]
Epoch 229, lr 0.001: 100%|██████████████████████████████████████████████████████████████████████████████| 256/256 [00:00<00:00, 321.06it/s, loss=epoch loss=0.14129]
Epoch 230, lr 0.001: 100%|████████████████████████████████████████████████████████████████████████| 256/256 [00:01<00:00, 245.21it/s, loss=validation loss=0.166602]
Epoch 231, lr 0.001: 100%|██████████████████████████████████████████████████████████████████████████████| 256/256 [00:00<00:00, 321.44it/s, loss=epoch loss=0.13756]
Epoch 232, lr 0.001: 100%|██████████████████████████████████████████████████████████████████████████████| 256/256 [00:00<00:00, 326.66it/s, loss=epoch loss=0.13405]
Epoch 233, lr 0.001: 100%|██████████████████████████████████████████████████████████████████████████████| 256/256 [00:00<00:00, 374.55it/s, loss=epoch loss=0.12435]
Epoch 234, lr 0.001: 100%|██████████████████████████████████████████████████████████████████████████████| 256/256 [00:00<00:00, 326.99it/s, loss=epoch loss=0.12157]
Epoch 235, lr 0.001: 100%|████████████████████████████████████████████████████████████████████████| 256/256 [00:01<00:00, 237.94it/s, loss=validation loss=0.179674]
Epoch 236, lr 0.001: 100%|██████████████████████████████████████████████████████████████████████████████| 256/256 [00:00<00:00, 325.21it/s, loss=epoch loss=0.13033]
Epoch 237, lr 0.001: 100%|██████████████████████████████████████████████████████████████████████████████| 256/256 [00:00<00:00, 329.74it/s, loss=epoch loss=0.13433]
Epoch 238, lr 0.001: 100%|██████████████████████████████████████████████████████████████████████████████| 256/256 [00:00<00:00, 390.33it/s, loss=epoch loss=0.12398]
Epoch 239, lr 0.001: 100%|██████████████████████████████████████████████████████████████████████████████| 256/256 [00:00<00:00, 327.93it/s, loss=epoch loss=0.12301]
Epoch 240, lr 0.001: 100%|████████████████████████████████████████████████████████████████████████| 256/256 [00:01<00:00, 241.52it/s, loss=validation loss=0.195781]
Epoch 241, lr 0.001: 100%|██████████████████████████████████████████████████████████████████████████████| 256/256 [00:00<00:00, 320.94it/s, loss=epoch loss=0.11177]
Epoch 242, lr 0.001: 100%|██████████████████████████████████████████████████████████████████████████████| 256/256 [00:00<00:00, 320.68it/s, loss=epoch loss=0.12662]
Epoch 243, lr 0.001: 100%|██████████████████████████████████████████████████████████████████████████████| 256/256 [00:00<00:00, 353.09it/s, loss=epoch loss=0.11584]
Epoch 244, lr 0.001: 100%|██████████████████████████████████████████████████████████████████████████████| 256/256 [00:00<00:00, 330.60it/s, loss=epoch loss=0.11568]
Epoch 245, lr 0.001: 100%|████████████████████████████████████████████████████████████████████████| 256/256 [00:01<00:00, 242.10it/s, loss=validation loss=0.158808]
Epoch 246, lr 0.001: 100%|██████████████████████████████████████████████████████████████████████████████| 256/256 [00:00<00:00, 325.41it/s, loss=epoch loss=0.11571]
Epoch 247, lr 0.001: 100%|██████████████████████████████████████████████████████████████████████████████| 256/256 [00:00<00:00, 327.87it/s, loss=epoch loss=0.11541]
Epoch 248, lr 0.001: 100%|██████████████████████████████████████████████████████████████████████████████| 256/256 [00:00<00:00, 345.18it/s, loss=epoch loss=0.13626]
Epoch 249, lr 0.001: 100%|██████████████████████████████████████████████████████████████████████████████| 256/256 [00:00<00:00, 330.26it/s, loss=epoch loss=0.13181]
Epoch 250, lr 0.001: 100%|████████████████████████████████████████████████████████████████████████| 256/256 [00:01<00:00, 238.24it/s, loss=validation loss=0.221789]
Epoch 251, lr 0.001: 100%|██████████████████████████████████████████████████████████████████████████████| 256/256 [00:00<00:00, 317.06it/s, loss=epoch loss=0.16121]
Epoch 252, lr 0.001: 100%|██████████████████████████████████████████████████████████████████████████████| 256/256 [00:00<00:00, 326.24it/s, loss=epoch loss=0.14641]
Epoch 253, lr 0.001: 100%|██████████████████████████████████████████████████████████████████████████████| 256/256 [00:00<00:00, 355.17it/s, loss=epoch loss=0.15204]
Epoch 254, lr 0.001: 100%|██████████████████████████████████████████████████████████████████████████████| 256/256 [00:00<00:00, 365.34it/s, loss=epoch loss=0.13903]
Epoch 255, lr 0.001: 100%|████████████████████████████████████████████████████████████████████████| 256/256 [00:01<00:00, 239.37it/s, loss=validation loss=0.193474]
Epoch 256, lr 0.001: 100%|██████████████████████████████████████████████████████████████████████████████| 256/256 [00:00<00:00, 324.88it/s, loss=epoch loss=0.11397]
Epoch 257, lr 0.001: 100%|██████████████████████████████████████████████████████████████████████████████| 256/256 [00:00<00:00, 327.53it/s, loss=epoch loss=0.13098]
Epoch 258, lr 0.001: 100%|██████████████████████████████████████████████████████████████████████████████| 256/256 [00:00<00:00, 328.09it/s, loss=epoch loss=0.12134]
Epoch 259, lr 0.001: 100%|██████████████████████████████████████████████████████████████████████████████| 256/256 [00:00<00:00, 354.02it/s, loss=epoch loss=0.11343]
Epoch 260, lr 0.001: 100%|██████████████████████████████████████████████████████████████████████████████| 256/256 [00:00<00:00, 324.97it/s, loss=epoch loss=0.12172]Epoch 00052: reducing learning rate of group 0 to 1.0000e-05.
Epoch 260, lr 0.001: 100%|████████████████████████████████████████████████████████████████████████| 256/256 [00:01<00:00, 243.06it/s, loss=validation loss=0.197089]
Epoch 261, lr 0.001: 100%|██████████████████████████████████████████████████████████████████████████████| 256/256 [00:00<00:00, 320.46it/s, loss=epoch loss=0.11571]
Epoch 262, lr 0.001: 100%|██████████████████████████████████████████████████████████████████████████████| 256/256 [00:00<00:00, 327.04it/s, loss=epoch loss=0.11930]
Epoch 263, lr 0.001: 100%|██████████████████████████████████████████████████████████████████████████████| 256/256 [00:00<00:00, 327.98it/s, loss=epoch loss=0.12767]
Epoch 264, lr 0.001: 100%|██████████████████████████████████████████████████████████████████████████████| 256/256 [00:00<00:00, 373.55it/s, loss=epoch loss=0.12260]
Epoch 265, lr 0.001: 100%|██████████████████████████████████████████████████████████████████████████████| 256/256 [00:00<00:00, 329.19it/s, loss=epoch loss=0.13380]Epoch 00053: reducing learning rate of group 0 to 1.0000e-04.
Epoch 265, lr 0.001: 100%|████████████████████████████████████████████████████████████████████████| 256/256 [00:01<00:00, 241.33it/s, loss=validation loss=0.200432]
Epoch 266, lr 0.001: 100%|██████████████████████████████████████████████████████████████████████████████| 256/256 [00:00<00:00, 323.32it/s, loss=epoch loss=0.11523]
Epoch 267, lr 0.001: 100%|██████████████████████████████████████████████████████████████████████████████| 256/256 [00:00<00:00, 331.18it/s, loss=epoch loss=0.11780]
Epoch 268, lr 0.001: 100%|██████████████████████████████████████████████████████████████████████████████| 256/256 [00:00<00:00, 325.69it/s, loss=epoch loss=0.11521]
Epoch 269, lr 0.001: 100%|██████████████████████████████████████████████████████████████████████████████| 256/256 [00:00<00:00, 373.28it/s, loss=epoch loss=0.11565]
Epoch 270, lr 0.001: 100%|██████████████████████████████████████████████████████████████████████████████| 256/256 [00:00<00:00, 326.70it/s, loss=epoch loss=0.11231]Epoch 00054: reducing learning rate of group 0 to 1.0000e-05.
Epoch 270, lr 0.001: 100%|████████████████████████████████████████████████████████████████████████| 256/256 [00:01<00:00, 239.87it/s, loss=validation loss=0.175455]
Epoch 271, lr 0.001: 100%|██████████████████████████████████████████████████████████████████████████████| 256/256 [00:00<00:00, 328.32it/s, loss=epoch loss=0.10433]
Epoch 272, lr 0.001: 100%|██████████████████████████████████████████████████████████████████████████████| 256/256 [00:00<00:00, 326.50it/s, loss=epoch loss=0.10895]
Epoch 273, lr 0.001: 100%|██████████████████████████████████████████████████████████████████████████████| 256/256 [00:00<00:00, 325.49it/s, loss=epoch loss=0.10766]
Epoch 274, lr 0.001: 100%|██████████████████████████████████████████████████████████████████████████████| 256/256 [00:00<00:00, 385.01it/s, loss=epoch loss=0.11039]
Epoch 275, lr 0.001: 100%|████████████████████████████████████████████████████████████████████████| 256/256 [00:01<00:00, 244.46it/s, loss=validation loss=0.150865]
Epoch 276, lr 0.001: 100%|██████████████████████████████████████████████████████████████████████████████| 256/256 [00:00<00:00, 299.40it/s, loss=epoch loss=0.11038]
Epoch 277, lr 0.001: 100%|██████████████████████████████████████████████████████████████████████████████| 256/256 [00:00<00:00, 328.13it/s, loss=epoch loss=0.10809]
Epoch 278, lr 0.001: 100%|██████████████████████████████████████████████████████████████████████████████| 256/256 [00:00<00:00, 328.78it/s, loss=epoch loss=0.09687]
Epoch 279, lr 0.001: 100%|██████████████████████████████████████████████████████████████████████████████| 256/256 [00:00<00:00, 362.26it/s, loss=epoch loss=0.10500]
Epoch 280, lr 0.001: 100%|██████████████████████████████████████████████████████████████████████████████| 256/256 [00:00<00:00, 334.03it/s, loss=epoch loss=0.13797]Epoch 00056: reducing learning rate of group 0 to 1.0000e-04.
Epoch 280, lr 0.001: 100%|████████████████████████████████████████████████████████████████████████| 256/256 [00:01<00:00, 235.32it/s, loss=validation loss=0.181479]
Epoch 281, lr 0.0001: 100%|█████████████████████████████████████████████████████████████████████████████| 256/256 [00:00<00:00, 321.89it/s, loss=epoch loss=0.12350]
Epoch 282, lr 0.0001: 100%|█████████████████████████████████████████████████████████████████████████████| 256/256 [00:00<00:00, 327.48it/s, loss=epoch loss=0.12868]
Epoch 283, lr 0.0001: 100%|█████████████████████████████████████████████████████████████████████████████| 256/256 [00:00<00:00, 327.42it/s, loss=epoch loss=0.12118]
Epoch 284, lr 0.0001: 100%|█████████████████████████████████████████████████████████████████████████████| 256/256 [00:00<00:00, 368.36it/s, loss=epoch loss=0.11926]
Epoch 285, lr 0.0001: 100%|█████████████████████████████████████████████████████████████████████████████| 256/256 [00:00<00:00, 337.57it/s, loss=epoch loss=0.11671]Epoch 00057: reducing learning rate of group 0 to 1.0000e-04.
Epoch 285, lr 0.0001: 100%|███████████████████████████████████████████████████████████████████████| 256/256 [00:01<00:00, 246.17it/s, loss=validation loss=0.207109]
Epoch 286, lr 0.0001: 100%|█████████████████████████████████████████████████████████████████████████████| 256/256 [00:00<00:00, 324.25it/s, loss=epoch loss=0.11370]
Epoch 287, lr 0.0001: 100%|█████████████████████████████████████████████████████████████████████████████| 256/256 [00:00<00:00, 329.81it/s, loss=epoch loss=0.10956]
Epoch 288, lr 0.0001: 100%|█████████████████████████████████████████████████████████████████████████████| 256/256 [00:00<00:00, 325.70it/s, loss=epoch loss=0.12079]
Epoch 289, lr 0.0001: 100%|█████████████████████████████████████████████████████████████████████████████| 256/256 [00:00<00:00, 345.75it/s, loss=epoch loss=0.10712]
Epoch 290, lr 0.0001: 100%|███████████████████████████████████████████████████████████████████████| 256/256 [00:00<00:00, 260.27it/s, loss=validation loss=0.150296]
Epoch 291, lr 0.0001: 100%|█████████████████████████████████████████████████████████████████████████████| 256/256 [00:00<00:00, 319.31it/s, loss=epoch loss=0.10155]
Epoch 292, lr 0.0001: 100%|█████████████████████████████████████████████████████████████████████████████| 256/256 [00:00<00:00, 327.78it/s, loss=epoch loss=0.11996]
Epoch 293, lr 0.0001: 100%|█████████████████████████████████████████████████████████████████████████████| 256/256 [00:00<00:00, 326.45it/s, loss=epoch loss=0.10967]
Epoch 294, lr 0.0001: 100%|█████████████████████████████████████████████████████████████████████████████| 256/256 [00:00<00:00, 330.71it/s, loss=epoch loss=0.10602]
Epoch 295, lr 0.0001: 100%|███████████████████████████████████████████████████████████████████████| 256/256 [00:00<00:00, 268.77it/s, loss=validation loss=0.146232]
Epoch 296, lr 0.0001: 100%|█████████████████████████████████████████████████████████████████████████████| 256/256 [00:00<00:00, 318.54it/s, loss=epoch loss=0.11578]
Epoch 297, lr 0.0001: 100%|█████████████████████████████████████████████████████████████████████████████| 256/256 [00:00<00:00, 324.56it/s, loss=epoch loss=0.11247]
Epoch 298, lr 0.0001: 100%|█████████████████████████████████████████████████████████████████████████████| 256/256 [00:00<00:00, 325.05it/s, loss=epoch loss=0.10799]
Epoch 299, lr 0.0001: 100%|█████████████████████████████████████████████████████████████████████████████| 256/256 [00:00<00:00, 324.81it/s, loss=epoch loss=0.10792]
Epoch 300, lr 0.0001: 100%|███████████████████████████████████████████████████████████████████████| 256/256 [00:00<00:00, 262.77it/s, loss=validation loss=0.151073]
Epoch 301, lr 0.0001: 100%|█████████████████████████████████████████████████████████████████████████████| 256/256 [00:00<00:00, 327.41it/s, loss=epoch loss=0.11015]
Epoch 302, lr 0.0001: 100%|█████████████████████████████████████████████████████████████████████████████| 256/256 [00:00<00:00, 325.23it/s, loss=epoch loss=0.10284]
Epoch 303, lr 0.0001: 100%|█████████████████████████████████████████████████████████████████████████████| 256/256 [00:00<00:00, 327.21it/s, loss=epoch loss=0.11149]
Epoch 304, lr 0.0001: 100%|█████████████████████████████████████████████████████████████████████████████| 256/256 [00:00<00:00, 325.50it/s, loss=epoch loss=0.11469]
Epoch 305, lr 0.0001: 100%|███████████████████████████████████████████████████████████████████████| 256/256 [00:00<00:00, 260.23it/s, loss=validation loss=0.150122]
Epoch 306, lr 0.0001: 100%|█████████████████████████████████████████████████████████████████████████████| 256/256 [00:00<00:00, 318.93it/s, loss=epoch loss=0.09918]
Epoch 307, lr 0.0001: 100%|█████████████████████████████████████████████████████████████████████████████| 256/256 [00:00<00:00, 329.23it/s, loss=epoch loss=0.10249]
Epoch 308, lr 0.0001: 100%|█████████████████████████████████████████████████████████████████████████████| 256/256 [00:00<00:00, 326.91it/s, loss=epoch loss=0.10934]
Epoch 309, lr 0.0001: 100%|█████████████████████████████████████████████████████████████████████████████| 256/256 [00:00<00:00, 326.18it/s, loss=epoch loss=0.09876]
Epoch 310, lr 0.0001: 100%|███████████████████████████████████████████████████████████████████████| 256/256 [00:00<00:00, 279.77it/s, loss=validation loss=0.157863]
Epoch 311, lr 0.0001: 100%|█████████████████████████████████████████████████████████████████████████████| 256/256 [00:00<00:00, 325.76it/s, loss=epoch loss=0.09670]
Epoch 312, lr 0.0001: 100%|█████████████████████████████████████████████████████████████████████████████| 256/256 [00:00<00:00, 327.18it/s, loss=epoch loss=0.12415]
Epoch 313, lr 0.0001: 100%|█████████████████████████████████████████████████████████████████████████████| 256/256 [00:00<00:00, 330.00it/s, loss=epoch loss=0.11232]
Epoch 314, lr 0.0001: 100%|█████████████████████████████████████████████████████████████████████████████| 256/256 [00:00<00:00, 325.63it/s, loss=epoch loss=0.11194]
Epoch 315, lr 0.0001: 100%|█████████████████████████████████████████████████████████████████████████████| 256/256 [00:00<00:00, 351.62it/s, loss=epoch loss=0.10120]Epoch 00063: reducing learning rate of group 0 to 1.0000e-06.
Epoch 315, lr 0.0001: 100%|███████████████████████████████████████████████████████████████████████| 256/256 [00:00<00:00, 266.22it/s, loss=validation loss=0.217498]
Epoch 316, lr 0.0001: 100%|█████████████████████████████████████████████████████████████████████████████| 256/256 [00:00<00:00, 328.51it/s, loss=epoch loss=0.12222]
Epoch 317, lr 0.0001: 100%|█████████████████████████████████████████████████████████████████████████████| 256/256 [00:00<00:00, 329.95it/s, loss=epoch loss=0.10633]
Epoch 318, lr 0.0001: 100%|█████████████████████████████████████████████████████████████████████████████| 256/256 [00:00<00:00, 328.21it/s, loss=epoch loss=0.10315]
Epoch 319, lr 0.0001: 100%|█████████████████████████████████████████████████████████████████████████████| 256/256 [00:00<00:00, 327.49it/s, loss=epoch loss=0.10253]
Epoch 320, lr 0.0001: 100%|█████████████████████████████████████████████████████████████████████████████| 256/256 [00:00<00:00, 375.41it/s, loss=epoch loss=0.10114]Epoch 00064: reducing learning rate of group 0 to 1.0000e-05.
Epoch 320, lr 0.0001: 100%|███████████████████████████████████████████████████████████████████████| 256/256 [00:00<00:00, 295.44it/s, loss=validation loss=0.157001]
Epoch 321, lr 0.0001: 100%|█████████████████████████████████████████████████████████████████████████████| 256/256 [00:00<00:00, 326.32it/s, loss=epoch loss=0.10131]
Epoch 322, lr 0.0001: 100%|█████████████████████████████████████████████████████████████████████████████| 256/256 [00:00<00:00, 327.95it/s, loss=epoch loss=0.11116]
Epoch 323, lr 0.0001: 100%|█████████████████████████████████████████████████████████████████████████████| 256/256 [00:00<00:00, 331.42it/s, loss=epoch loss=0.11212]
Epoch 324, lr 0.0001: 100%|█████████████████████████████████████████████████████████████████████████████| 256/256 [00:00<00:00, 326.02it/s, loss=epoch loss=0.11166]
Epoch 325, lr 0.0001: 100%|█████████████████████████████████████████████████████████████████████████████| 256/256 [00:00<00:00, 329.11it/s, loss=epoch loss=0.11394]Epoch 00065: reducing learning rate of group 0 to 1.0000e-06.
Epoch 325, lr 0.0001: 100%|███████████████████████████████████████████████████████████████████████| 256/256 [00:01<00:00, 241.71it/s, loss=validation loss=0.142785]
Epoch 326, lr 0.0001: 100%|█████████████████████████████████████████████████████████████████████████████| 256/256 [00:00<00:00, 324.21it/s, loss=epoch loss=0.10299]
Epoch 327, lr 0.0001: 100%|█████████████████████████████████████████████████████████████████████████████| 256/256 [00:00<00:00, 325.18it/s, loss=epoch loss=0.09496]
Epoch 328, lr 0.0001: 100%|█████████████████████████████████████████████████████████████████████████████| 256/256 [00:00<00:00, 325.32it/s, loss=epoch loss=0.09762]
Epoch 329, lr 0.0001: 100%|█████████████████████████████████████████████████████████████████████████████| 256/256 [00:00<00:00, 324.60it/s, loss=epoch loss=0.09937]
Epoch 330, lr 0.0001: 100%|███████████████████████████████████████████████████████████████████████| 256/256 [00:01<00:00, 195.95it/s, loss=validation loss=0.144070]
Epoch 331, lr 0.0001: 100%|█████████████████████████████████████████████████████████████████████████████| 256/256 [00:00<00:00, 320.63it/s, loss=epoch loss=0.10020]
Epoch 332, lr 0.0001: 100%|█████████████████████████████████████████████████████████████████████████████| 256/256 [00:00<00:00, 321.47it/s, loss=epoch loss=0.10964]
Epoch 333, lr 0.0001: 100%|█████████████████████████████████████████████████████████████████████████████| 256/256 [00:00<00:00, 323.85it/s, loss=epoch loss=0.11346]
Epoch 334, lr 0.0001: 100%|█████████████████████████████████████████████████████████████████████████████| 256/256 [00:00<00:00, 325.84it/s, loss=epoch loss=0.12403]
Epoch 335, lr 0.0001: 100%|█████████████████████████████████████████████████████████████████████████████| 256/256 [00:00<00:00, 327.48it/s, loss=epoch loss=0.11575]Epoch 00067: reducing learning rate of group 0 to 1.0000e-05.
Epoch 335, lr 0.0001: 100%|███████████████████████████████████████████████████████████████████████| 256/256 [00:01<00:00, 230.98it/s, loss=validation loss=0.150522]
Epoch 336, lr 1e-05: 100%|██████████████████████████████████████████████████████████████████████████████| 256/256 [00:00<00:00, 325.06it/s, loss=epoch loss=0.10727]
Epoch 337, lr 1e-05: 100%|██████████████████████████████████████████████████████████████████████████████| 256/256 [00:00<00:00, 328.26it/s, loss=epoch loss=0.11505]
Epoch 338, lr 1e-05: 100%|██████████████████████████████████████████████████████████████████████████████| 256/256 [00:00<00:00, 324.20it/s, loss=epoch loss=0.12432]
Epoch 339, lr 1e-05: 100%|██████████████████████████████████████████████████████████████████████████████| 256/256 [00:00<00:00, 326.24it/s, loss=epoch loss=0.11609]
Epoch 340, lr 1e-05: 100%|██████████████████████████████████████████████████████████████████████████████| 256/256 [00:00<00:00, 327.16it/s, loss=epoch loss=0.12494]Epoch 00068: reducing learning rate of group 0 to 1.0000e-05.
Epoch 340, lr 1e-05: 100%|████████████████████████████████████████████████████████████████████████| 256/256 [00:01<00:00, 241.98it/s, loss=validation loss=0.226549]
Epoch 341, lr 1e-05: 100%|██████████████████████████████████████████████████████████████████████████████| 256/256 [00:00<00:00, 359.82it/s, loss=epoch loss=0.11744]
Epoch 342, lr 1e-05: 100%|██████████████████████████████████████████████████████████████████████████████| 256/256 [00:00<00:00, 324.01it/s, loss=epoch loss=0.11776]
Epoch 343, lr 1e-05: 100%|██████████████████████████████████████████████████████████████████████████████| 256/256 [00:00<00:00, 322.04it/s, loss=epoch loss=0.10440]
Epoch 344, lr 1e-05: 100%|██████████████████████████████████████████████████████████████████████████████| 256/256 [00:00<00:00, 327.20it/s, loss=epoch loss=0.09795]
Epoch 345, lr 1e-05: 100%|████████████████████████████████████████████████████████████████████████| 256/256 [00:01<00:00, 240.92it/s, loss=validation loss=0.140057]
Epoch 346, lr 1e-05: 100%|██████████████████████████████████████████████████████████████████████████████| 256/256 [00:00<00:00, 341.58it/s, loss=epoch loss=0.10174]
Epoch 347, lr 1e-05: 100%|██████████████████████████████████████████████████████████████████████████████| 256/256 [00:00<00:00, 329.12it/s, loss=epoch loss=0.09585]
Epoch 348, lr 1e-05: 100%|██████████████████████████████████████████████████████████████████████████████| 256/256 [00:00<00:00, 327.18it/s, loss=epoch loss=0.09310]
Epoch 349, lr 1e-05: 100%|██████████████████████████████████████████████████████████████████████████████| 256/256 [00:00<00:00, 327.71it/s, loss=epoch loss=0.09464]
Epoch 350, lr 1e-05: 100%|████████████████████████████████████████████████████████████████████████| 256/256 [00:01<00:00, 247.45it/s, loss=validation loss=0.156690]
Epoch 351, lr 1e-05: 100%|██████████████████████████████████████████████████████████████████████████████| 256/256 [00:00<00:00, 341.34it/s, loss=epoch loss=0.09411]
Epoch 352, lr 1e-05: 100%|██████████████████████████████████████████████████████████████████████████████| 256/256 [00:00<00:00, 324.07it/s, loss=epoch loss=0.09693]
Epoch 353, lr 1e-05: 100%|██████████████████████████████████████████████████████████████████████████████| 256/256 [00:00<00:00, 326.19it/s, loss=epoch loss=0.09551]
Epoch 354, lr 1e-05: 100%|██████████████████████████████████████████████████████████████████████████████| 256/256 [00:00<00:00, 326.55it/s, loss=epoch loss=0.11667]
Epoch 355, lr 1e-05: 100%|████████████████████████████████████████████████████████████████████████| 256/256 [00:01<00:00, 220.90it/s, loss=validation loss=0.188463]
Epoch 356, lr 1e-05: 100%|██████████████████████████████████████████████████████████████████████████████| 256/256 [00:00<00:00, 351.74it/s, loss=epoch loss=0.10805]
Epoch 357, lr 1e-05: 100%|██████████████████████████████████████████████████████████████████████████████| 256/256 [00:00<00:00, 324.63it/s, loss=epoch loss=0.09890]
Epoch 358, lr 1e-05: 100%|██████████████████████████████████████████████████████████████████████████████| 256/256 [00:00<00:00, 324.84it/s, loss=epoch loss=0.11175]
Epoch 359, lr 1e-05: 100%|██████████████████████████████████████████████████████████████████████████████| 256/256 [00:00<00:00, 326.50it/s, loss=epoch loss=0.09991]
Epoch 360, lr 1e-05: 100%|████████████████████████████████████████████████████████████████████████| 256/256 [00:01<00:00, 240.29it/s, loss=validation loss=0.139755]
Epoch 361, lr 1e-05: 100%|██████████████████████████████████████████████████████████████████████████████| 256/256 [00:00<00:00, 362.28it/s, loss=epoch loss=0.09678]
Epoch 362, lr 1e-05: 100%|██████████████████████████████████████████████████████████████████████████████| 256/256 [00:00<00:00, 333.05it/s, loss=epoch loss=0.10575]
Epoch 363, lr 1e-05: 100%|██████████████████████████████████████████████████████████████████████████████| 256/256 [00:00<00:00, 324.01it/s, loss=epoch loss=0.09741]
Epoch 364, lr 1e-05: 100%|██████████████████████████████████████████████████████████████████████████████| 256/256 [00:00<00:00, 328.86it/s, loss=epoch loss=0.09567]
Epoch 365, lr 1e-05: 100%|████████████████████████████████████████████████████████████████████████| 256/256 [00:01<00:00, 243.68it/s, loss=validation loss=0.132770]
Epoch 366, lr 1e-05: 100%|██████████████████████████████████████████████████████████████████████████████| 256/256 [00:00<00:00, 350.68it/s, loss=epoch loss=0.10386]
Epoch 367, lr 1e-05: 100%|██████████████████████████████████████████████████████████████████████████████| 256/256 [00:00<00:00, 322.10it/s, loss=epoch loss=0.10034]
Epoch 368, lr 1e-05: 100%|██████████████████████████████████████████████████████████████████████████████| 256/256 [00:00<00:00, 324.89it/s, loss=epoch loss=0.11969]
Epoch 369, lr 1e-05: 100%|██████████████████████████████████████████████████████████████████████████████| 256/256 [00:00<00:00, 328.81it/s, loss=epoch loss=0.11107]
Epoch 370, lr 1e-05: 100%|██████████████████████████████████████████████████████████████████████████████| 256/256 [00:00<00:00, 328.08it/s, loss=epoch loss=0.11321]Epoch 00074: reducing learning rate of group 0 to 1.0000e-07.
Epoch 370, lr 1e-05: 100%|████████████████████████████████████████████████████████████████████████| 256/256 [00:01<00:00, 237.70it/s, loss=validation loss=0.153849]
Epoch 371, lr 1e-05: 100%|██████████████████████████████████████████████████████████████████████████████| 256/256 [00:00<00:00, 335.25it/s, loss=epoch loss=0.10485]
Epoch 372, lr 1e-05: 100%|██████████████████████████████████████████████████████████████████████████████| 256/256 [00:00<00:00, 326.39it/s, loss=epoch loss=0.11256]
Epoch 373, lr 1e-05: 100%|██████████████████████████████████████████████████████████████████████████████| 256/256 [00:00<00:00, 326.30it/s, loss=epoch loss=0.10440]
Epoch 374, lr 1e-05: 100%|██████████████████████████████████████████████████████████████████████████████| 256/256 [00:00<00:00, 328.81it/s, loss=epoch loss=0.11537]
Epoch 375, lr 1e-05: 100%|██████████████████████████████████████████████████████████████████████████████| 256/256 [00:00<00:00, 327.03it/s, loss=epoch loss=0.12498]Epoch 00075: reducing learning rate of group 0 to 1.0000e-06.
Epoch 375, lr 1e-05: 100%|████████████████████████████████████████████████████████████████████████| 256/256 [00:01<00:00, 240.95it/s, loss=validation loss=0.184541]
Epoch 376, lr 1e-05: 100%|██████████████████████████████████████████████████████████████████████████████| 256/256 [00:00<00:00, 337.15it/s, loss=epoch loss=0.11362]
Epoch 377, lr 1e-05: 100%|██████████████████████████████████████████████████████████████████████████████| 256/256 [00:00<00:00, 329.44it/s, loss=epoch loss=0.11597]
Epoch 378, lr 1e-05: 100%|██████████████████████████████████████████████████████████████████████████████| 256/256 [00:00<00:00, 326.92it/s, loss=epoch loss=0.11640]
Epoch 379, lr 1e-05: 100%|██████████████████████████████████████████████████████████████████████████████| 256/256 [00:00<00:00, 326.67it/s, loss=epoch loss=0.11608]
Epoch 380, lr 1e-05: 100%|██████████████████████████████████████████████████████████████████████████████| 256/256 [00:00<00:00, 328.70it/s, loss=epoch loss=0.11133]Epoch 00076: reducing learning rate of group 0 to 1.0000e-07.
Epoch 380, lr 1e-05: 100%|████████████████████████████████████████████████████████████████████████| 256/256 [00:01<00:00, 249.28it/s, loss=validation loss=0.138345]
Epoch 381, lr 1e-05: 100%|██████████████████████████████████████████████████████████████████████████████| 256/256 [00:00<00:00, 368.33it/s, loss=epoch loss=0.10309]
Epoch 382, lr 1e-05: 100%|██████████████████████████████████████████████████████████████████████████████| 256/256 [00:00<00:00, 325.13it/s, loss=epoch loss=0.09331]
Epoch 383, lr 1e-05: 100%|██████████████████████████████████████████████████████████████████████████████| 256/256 [00:00<00:00, 326.95it/s, loss=epoch loss=0.10008]
Epoch 384, lr 1e-05: 100%|██████████████████████████████████████████████████████████████████████████████| 256/256 [00:00<00:00, 327.16it/s, loss=epoch loss=0.09881]
Epoch 385, lr 1e-05: 100%|████████████████████████████████████████████████████████████████████████| 256/256 [00:01<00:00, 237.95it/s, loss=validation loss=0.132852]
Epoch 386, lr 1e-05: 100%|██████████████████████████████████████████████████████████████████████████████| 256/256 [00:00<00:00, 344.26it/s, loss=epoch loss=0.09655]
Epoch 387, lr 1e-05: 100%|██████████████████████████████████████████████████████████████████████████████| 256/256 [00:00<00:00, 319.10it/s, loss=epoch loss=0.09481]
Epoch 388, lr 1e-05: 100%|██████████████████████████████████████████████████████████████████████████████| 256/256 [00:00<00:00, 324.98it/s, loss=epoch loss=0.09384]
Epoch 389, lr 1e-05: 100%|██████████████████████████████████████████████████████████████████████████████| 256/256 [00:00<00:00, 328.47it/s, loss=epoch loss=0.10039]
Epoch 390, lr 1e-05: 100%|██████████████████████████████████████████████████████████████████████████████| 256/256 [00:00<00:00, 329.73it/s, loss=epoch loss=0.11641]Epoch 00078: reducing learning rate of group 0 to 1.0000e-06.
Epoch 390, lr 1e-05: 100%|████████████████████████████████████████████████████████████████████████| 256/256 [00:01<00:00, 241.62it/s, loss=validation loss=0.139875]
Epoch 391, lr 1.0000000000000002e-06: 100%|█████████████████████████████████████████████████████████████| 256/256 [00:00<00:00, 329.03it/s, loss=epoch loss=0.10756]
Epoch 392, lr 1.0000000000000002e-06: 100%|█████████████████████████████████████████████████████████████| 256/256 [00:00<00:00, 327.55it/s, loss=epoch loss=0.10855]
Epoch 393, lr 1.0000000000000002e-06: 100%|█████████████████████████████████████████████████████████████| 256/256 [00:00<00:00, 325.81it/s, loss=epoch loss=0.09994]
Epoch 394, lr 1.0000000000000002e-06: 100%|█████████████████████████████████████████████████████████████| 256/256 [00:00<00:00, 323.16it/s, loss=epoch loss=0.10289]
Epoch 395, lr 1.0000000000000002e-06: 100%|█████████████████████████████████████████████████████████████| 256/256 [00:00<00:00, 328.56it/s, loss=epoch loss=0.10086]Epoch 00079: reducing learning rate of group 0 to 1.0000e-06.
Epoch 395, lr 1.0000000000000002e-06: 100%|███████████████████████████████████████████████████████| 256/256 [00:01<00:00, 246.08it/s, loss=validation loss=0.143627]
Epoch 396, lr 1.0000000000000002e-06: 100%|█████████████████████████████████████████████████████████████| 256/256 [00:00<00:00, 351.82it/s, loss=epoch loss=0.09732]
Epoch 397, lr 1.0000000000000002e-06: 100%|█████████████████████████████████████████████████████████████| 256/256 [00:00<00:00, 327.84it/s, loss=epoch loss=0.11672]
Epoch 398, lr 1.0000000000000002e-06: 100%|█████████████████████████████████████████████████████████████| 256/256 [00:00<00:00, 325.41it/s, loss=epoch loss=0.12042]
Epoch 399, lr 1.0000000000000002e-06: 100%|█████████████████████████████████████████████████████████████| 256/256 [00:00<00:00, 327.93it/s, loss=epoch loss=0.11300]
Epoch 400, lr 1.0000000000000002e-06: 100%|███████████████████████████████████████████████████████| 256/256 [00:01<00:00, 238.83it/s, loss=validation loss=0.147188]
Epoch 401, lr 1.0000000000000002e-06: 100%|█████████████████████████████████████████████████████████████| 256/256 [00:00<00:00, 347.64it/s, loss=epoch loss=0.09979]
Epoch 402, lr 1.0000000000000002e-06: 100%|█████████████████████████████████████████████████████████████| 256/256 [00:00<00:00, 324.72it/s, loss=epoch loss=0.09616]
Epoch 403, lr 1.0000000000000002e-06: 100%|█████████████████████████████████████████████████████████████| 256/256 [00:00<00:00, 326.08it/s, loss=epoch loss=0.10145]
Epoch 404, lr 1.0000000000000002e-06: 100%|█████████████████████████████████████████████████████████████| 256/256 [00:00<00:00, 328.53it/s, loss=epoch loss=0.09582]
Epoch 405, lr 1.0000000000000002e-06: 100%|███████████████████████████████████████████████████████| 256/256 [00:01<00:00, 209.92it/s, loss=validation loss=0.135063]
Epoch 406, lr 1.0000000000000002e-06: 100%|█████████████████████████████████████████████████████████████| 256/256 [00:00<00:00, 322.36it/s, loss=epoch loss=0.09923]
Epoch 407, lr 1.0000000000000002e-06: 100%|█████████████████████████████████████████████████████████████| 256/256 [00:00<00:00, 323.21it/s, loss=epoch loss=0.10791]
Epoch 408, lr 1.0000000000000002e-06: 100%|█████████████████████████████████████████████████████████████| 256/256 [00:00<00:00, 325.44it/s, loss=epoch loss=0.10843]
Epoch 409, lr 1.0000000000000002e-06: 100%|█████████████████████████████████████████████████████████████| 256/256 [00:00<00:00, 327.20it/s, loss=epoch loss=0.10512]
Epoch 410, lr 1.0000000000000002e-06: 100%|███████████████████████████████████████████████████████| 256/256 [00:01<00:00, 229.83it/s, loss=validation loss=0.140094]
Epoch 411, lr 1.0000000000000002e-06: 100%|█████████████████████████████████████████████████████████████| 256/256 [00:00<00:00, 326.04it/s, loss=epoch loss=0.10701]
Epoch 412, lr 1.0000000000000002e-06: 100%|█████████████████████████████████████████████████████████████| 256/256 [00:00<00:00, 321.38it/s, loss=epoch loss=0.09978]
Epoch 413, lr 1.0000000000000002e-06: 100%|█████████████████████████████████████████████████████████████| 256/256 [00:00<00:00, 328.08it/s, loss=epoch loss=0.10318]
Epoch 414, lr 1.0000000000000002e-06: 100%|█████████████████████████████████████████████████████████████| 256/256 [00:00<00:00, 326.66it/s, loss=epoch loss=0.09812]
Epoch 415, lr 1.0000000000000002e-06: 100%|███████████████████████████████████████████████████████| 256/256 [00:01<00:00, 203.82it/s, loss=validation loss=0.142072]
Epoch 416, lr 1.0000000000000002e-06: 100%|█████████████████████████████████████████████████████████████| 256/256 [00:00<00:00, 322.37it/s, loss=epoch loss=0.09290]
Epoch 417, lr 1.0000000000000002e-06: 100%|█████████████████████████████████████████████████████████████| 256/256 [00:00<00:00, 322.76it/s, loss=epoch loss=0.09955]
Epoch 418, lr 1.0000000000000002e-06: 100%|█████████████████████████████████████████████████████████████| 256/256 [00:00<00:00, 322.64it/s, loss=epoch loss=0.09706]
Epoch 419, lr 1.0000000000000002e-06: 100%|█████████████████████████████████████████████████████████████| 256/256 [00:00<00:00, 323.84it/s, loss=epoch loss=0.08662]
Epoch 420, lr 1.0000000000000002e-06: 100%|███████████████████████████████████████████████████████| 256/256 [00:01<00:00, 207.16it/s, loss=validation loss=0.128974]
Epoch 421, lr 1.0000000000000002e-06: 100%|█████████████████████████████████████████████████████████████| 256/256 [00:00<00:00, 302.08it/s, loss=epoch loss=0.08342]
Epoch 422, lr 1.0000000000000002e-06: 100%|█████████████████████████████████████████████████████████████| 256/256 [00:00<00:00, 322.35it/s, loss=epoch loss=0.08638]
Epoch 423, lr 1.0000000000000002e-06: 100%|█████████████████████████████████████████████████████████████| 256/256 [00:00<00:00, 325.10it/s, loss=epoch loss=0.08977]
Epoch 424, lr 1.0000000000000002e-06: 100%|█████████████████████████████████████████████████████████████| 256/256 [00:00<00:00, 324.37it/s, loss=epoch loss=0.09511]
Epoch 425, lr 1.0000000000000002e-06: 100%|█████████████████████████████████████████████████████████████| 256/256 [00:00<00:00, 328.44it/s, loss=epoch loss=0.09216]Epoch 00085: reducing learning rate of group 0 to 1.0000e-08.
Epoch 425, lr 1.0000000000000002e-06: 100%|███████████████████████████████████████████████████████| 256/256 [00:01<00:00, 197.44it/s, loss=validation loss=0.143059]
Epoch 426, lr 1.0000000000000002e-06: 100%|█████████████████████████████████████████████████████████████| 256/256 [00:00<00:00, 318.94it/s, loss=epoch loss=0.09996]
Epoch 427, lr 1.0000000000000002e-06: 100%|█████████████████████████████████████████████████████████████| 256/256 [00:00<00:00, 319.82it/s, loss=epoch loss=0.10765]
Epoch 428, lr 1.0000000000000002e-06: 100%|█████████████████████████████████████████████████████████████| 256/256 [00:00<00:00, 324.13it/s, loss=epoch loss=0.09825]
Epoch 429, lr 1.0000000000000002e-06: 100%|█████████████████████████████████████████████████████████████| 256/256 [00:00<00:00, 328.45it/s, loss=epoch loss=0.09916]
